[ 2017-01-01T21:36:16+08:00 ] ::1 /thinkphp/index.php/home/index
INFO: [ app_init ] --START--
INFO: Run Behavior\BuildLiteBehavior [ RunTime:0.000098s ]
INFO: [ app_init ] --END-- [ RunTime:0.056250s ]
INFO: [ app_begin ] --START--
INFO: Run Behavior\ReadHtmlCacheBehavior [ RunTime:0.012992s ]
INFO: [ app_begin ] --END-- [ RunTime:0.013973s ]
SQL: SHOW COLUMNS FROM `cd_user` [ RunTime:0.8476s ]
SQL: SELECT * FROM `cd_user` LIMIT 1   [ RunTime:0.2207s ]

[ 2017-01-01T21:36:40+08:00 ] ::1 /thinkphp/index.php/home/Login/register
INFO: [ app_init ] --START--
INFO: Run Behavior\BuildLiteBehavior [ RunTime:0.000089s ]
INFO: [ app_init ] --END-- [ RunTime:0.003452s ]
INFO: [ app_begin ] --START--
INFO: Run Behavior\ReadHtmlCacheBehavior [ RunTime:0.005098s ]
INFO: [ app_begin ] --END-- [ RunTime:0.005538s ]
NOTIC: [8] Undefined index: phone F:\wamp\www\thinkphp\Application\Home\Controller\LoginController.class.php 第 49 行.
NOTIC: [8] Undefined index: password F:\wamp\www\thinkphp\Application\Home\Controller\LoginController.class.php 第 50 行.
SQL: SHOW COLUMNS FROM `cd_user` [ RunTime:0.0387s ]
ERR: 1048:Column 'phone' cannot be null
 [ SQL语句 ] : INSERT INTO `cd_user` (`username`,`phone`,`password`) VALUES ('',NULL,'d41d8cd98f00b204e9800998ecf8427e')
ERR: 1048:Column 'phone' cannot be null
 [ SQL语句 ] : INSERT INTO `cd_user` (`username`,`phone`,`password`) VALUES ('',NULL,'d41d8cd98f00b204e9800998ecf8427e')

[ 2017-01-01T21:37:48+08:00 ] ::1 /thinkphp/index.php/home/Login/register
INFO: [ app_init ] --START--
INFO: Run Behavior\BuildLiteBehavior [ RunTime:0.000314s ]
INFO: [ app_init ] --END-- [ RunTime:0.003177s ]
INFO: [ app_begin ] --START--
INFO: Run Behavior\ReadHtmlCacheBehavior [ RunTime:0.006832s ]
INFO: [ app_begin ] --END-- [ RunTime:0.007993s ]
SQL: SHOW COLUMNS FROM `cd_user` [ RunTime:0.0494s ]
SQL: INSERT INTO `cd_user` (`username`) VALUES ('') [ RunTime:0.3256s ]

[ 2017-01-01T21:37:48+08:00 ] ::1 /thinkphp/index.php/home/Login/register
INFO: [ app_init ] --START--
INFO: Run Behavior\BuildLiteBehavior [ RunTime:0.000092s ]
INFO: [ app_init ] --END-- [ RunTime:0.002624s ]
INFO: [ app_begin ] --START--
INFO: Run Behavior\ReadHtmlCacheBehavior [ RunTime:0.005739s ]
INFO: [ app_begin ] --END-- [ RunTime:0.006180s ]
SQL: SHOW COLUMNS FROM `cd_user` [ RunTime:0.0285s ]
SQL: INSERT INTO `cd_user` (`username`) VALUES ('') [ RunTime:0.0589s ]

[ 2017-01-01T21:40:02+08:00 ] ::1 /thinkphp/index.php/home/Login/register
INFO: [ app_init ] --START--
INFO: Run Behavior\BuildLiteBehavior [ RunTime:0.000087s ]
INFO: [ app_init ] --END-- [ RunTime:0.002700s ]
INFO: [ app_begin ] --START--
INFO: Run Behavior\ReadHtmlCacheBehavior [ RunTime:0.007406s ]
INFO: [ app_begin ] --END-- [ RunTime:0.008290s ]

[ 2017-01-01T21:40:02+08:00 ] ::1 /thinkphp/index.php/home/Login/register
INFO: [ app_init ] --START--
INFO: Run Behavior\BuildLiteBehavior [ RunTime:0.000141s ]
INFO: [ app_init ] --END-- [ RunTime:0.004533s ]
INFO: [ app_begin ] --START--
INFO: Run Behavior\ReadHtmlCacheBehavior [ RunTime:0.005888s ]
INFO: [ app_begin ] --END-- [ RunTime:0.007203s ]

[ 2017-01-01T21:40:16+08:00 ] ::1 /thinkphp/index.php/home/Login/register
INFO: [ app_init ] --START--
INFO: Run Behavior\BuildLiteBehavior [ RunTime:0.000149s ]
INFO: [ app_init ] --END-- [ RunTime:0.004786s ]
INFO: [ app_begin ] --START--
INFO: Run Behavior\ReadHtmlCacheBehavior [ RunTime:0.009542s ]
INFO: [ app_begin ] --END-- [ RunTime:0.010522s ]
NOTIC: [8] Undefined index: username F:\wamp\www\thinkphp\Application\Home\Controller\LoginController.class.php 第 47 行.

[ 2017-01-01T21:40:16+08:00 ] ::1 /thinkphp/index.php/home/Login/register
INFO: [ app_init ] --START--
INFO: Run Behavior\BuildLiteBehavior [ RunTime:0.000153s ]
INFO: [ app_init ] --END-- [ RunTime:0.004516s ]
INFO: [ app_begin ] --START--
INFO: Run Behavior\ReadHtmlCacheBehavior [ RunTime:0.004568s ]
INFO: [ app_begin ] --END-- [ RunTime:0.005092s ]
NOTIC: [8] Undefined index: username F:\wamp\www\thinkphp\Application\Home\Controller\LoginController.class.php 第 47 行.

[ 2017-01-01T21:40:29+08:00 ] ::1 /thinkphp/index.php/home/Login/register
INFO: [ app_init ] --START--
INFO: Run Behavior\BuildLiteBehavior [ RunTime:0.000113s ]
INFO: [ app_init ] --END-- [ RunTime:0.003494s ]
INFO: [ app_begin ] --START--
INFO: Run Behavior\ReadHtmlCacheBehavior [ RunTime:0.007293s ]
INFO: [ app_begin ] --END-- [ RunTime:0.008080s ]
NOTIC: [8] Undefined index: user.username F:\wamp\www\thinkphp\Application\Home\Controller\LoginController.class.php 第 47 行.

[ 2017-01-01T21:40:30+08:00 ] ::1 /thinkphp/index.php/home/Login/register
INFO: [ app_init ] --START--
INFO: Run Behavior\BuildLiteBehavior [ RunTime:0.000219s ]
INFO: [ app_init ] --END-- [ RunTime:0.003474s ]
INFO: [ app_begin ] --START--
INFO: Run Behavior\ReadHtmlCacheBehavior [ RunTime:0.008601s ]
INFO: [ app_begin ] --END-- [ RunTime:0.009248s ]
NOTIC: [8] Undefined index: user.username F:\wamp\www\thinkphp\Application\Home\Controller\LoginController.class.php 第 47 行.

[ 2017-01-01T21:41:20+08:00 ] ::1 /thinkphp/index.php/home/Login/register
INFO: [ app_init ] --START--
INFO: Run Behavior\BuildLiteBehavior [ RunTime:0.000076s ]
INFO: [ app_init ] --END-- [ RunTime:0.002215s ]
INFO: [ app_begin ] --START--
INFO: Run Behavior\ReadHtmlCacheBehavior [ RunTime:0.003403s ]
INFO: [ app_begin ] --END-- [ RunTime:0.003898s ]
NOTIC: [8] Undefined index: username F:\wamp\www\thinkphp\Application\Home\Controller\LoginController.class.php 第 47 行.

[ 2017-01-01T21:41:20+08:00 ] ::1 /thinkphp/index.php/home/Login/register
INFO: [ app_init ] --START--
INFO: Run Behavior\BuildLiteBehavior [ RunTime:0.000079s ]
INFO: [ app_init ] --END-- [ RunTime:0.003097s ]
INFO: [ app_begin ] --START--
INFO: Run Behavior\ReadHtmlCacheBehavior [ RunTime:0.005508s ]
INFO: [ app_begin ] --END-- [ RunTime:0.005971s ]
NOTIC: [8] Undefined index: username F:\wamp\www\thinkphp\Application\Home\Controller\LoginController.class.php 第 47 行.

[ 2017-01-01T21:41:32+08:00 ] ::1 /thinkphp/index.php/home/Login/register
INFO: [ app_init ] --START--
INFO: Run Behavior\BuildLiteBehavior [ RunTime:0.000089s ]
INFO: [ app_init ] --END-- [ RunTime:0.003163s ]
INFO: [ app_begin ] --START--
INFO: Run Behavior\ReadHtmlCacheBehavior [ RunTime:0.004084s ]
INFO: [ app_begin ] --END-- [ RunTime:0.004563s ]
NOTIC: [8] Undefined index: username F:\wamp\www\thinkphp\Application\Home\Controller\LoginController.class.php 第 47 行.

[ 2017-01-01T21:41:33+08:00 ] ::1 /thinkphp/index.php/home/Login/register
INFO: [ app_init ] --START--
INFO: Run Behavior\BuildLiteBehavior [ RunTime:0.000081s ]
INFO: [ app_init ] --END-- [ RunTime:0.002562s ]
INFO: [ app_begin ] --START--
INFO: Run Behavior\ReadHtmlCacheBehavior [ RunTime:0.008837s ]
INFO: [ app_begin ] --END-- [ RunTime:0.009402s ]
NOTIC: [8] Undefined index: username F:\wamp\www\thinkphp\Application\Home\Controller\LoginController.class.php 第 47 行.

[ 2017-01-01T21:43:48+08:00 ] ::1 /thinkphp/index.php/home/Login/register
INFO: [ app_init ] --START--
INFO: Run Behavior\BuildLiteBehavior [ RunTime:0.000137s ]
INFO: [ app_init ] --END-- [ RunTime:0.003685s ]
INFO: [ app_begin ] --START--
INFO: Run Behavior\ReadHtmlCacheBehavior [ RunTime:0.006660s ]
INFO: [ app_begin ] --END-- [ RunTime:0.007389s ]
NOTIC: [8] Undefined index: username F:\wamp\www\thinkphp\Application\Home\Controller\LoginController.class.php 第 47 行.

[ 2017-01-01T21:43:48+08:00 ] ::1 /thinkphp/index.php/home/Login/register
INFO: [ app_init ] --START--
INFO: Run Behavior\BuildLiteBehavior [ RunTime:0.000215s ]
INFO: [ app_init ] --END-- [ RunTime:0.004925s ]
INFO: [ app_begin ] --START--
INFO: Run Behavior\ReadHtmlCacheBehavior [ RunTime:0.006395s ]
INFO: [ app_begin ] --END-- [ RunTime:0.007743s ]
NOTIC: [8] Undefined index: username F:\wamp\www\thinkphp\Application\Home\Controller\LoginController.class.php 第 47 行.

[ 2017-01-01T21:48:05+08:00 ] ::1 /thinkphp/index.php/home/Login/register
INFO: [ app_init ] --START--
INFO: Run Behavior\BuildLiteBehavior [ RunTime:0.000090s ]
INFO: [ app_init ] --END-- [ RunTime:0.003009s ]
INFO: [ app_begin ] --START--
INFO: Run Behavior\ReadHtmlCacheBehavior [ RunTime:0.005091s ]
INFO: [ app_begin ] --END-- [ RunTime:0.005596s ]

[ 2017-01-01T21:48:06+08:00 ] ::1 /thinkphp/index.php/home/Login/register
INFO: [ app_init ] --START--
INFO: Run Behavior\BuildLiteBehavior [ RunTime:0.000138s ]
INFO: [ app_init ] --END-- [ RunTime:0.004279s ]
INFO: [ app_begin ] --START--
INFO: Run Behavior\ReadHtmlCacheBehavior [ RunTime:0.006143s ]
INFO: [ app_begin ] --END-- [ RunTime:0.006825s ]

[ 2017-01-01T21:49:42+08:00 ] ::1 /thinkphp/index.php/home/Login/register
INFO: [ app_init ] --START--
INFO: Run Behavior\BuildLiteBehavior [ RunTime:0.000080s ]
INFO: [ app_init ] --END-- [ RunTime:0.002895s ]
INFO: [ app_begin ] --START--
INFO: Run Behavior\ReadHtmlCacheBehavior [ RunTime:0.005664s ]
INFO: [ app_begin ] --END-- [ RunTime:0.006513s ]
NOTIC: [8] Undefined index: username F:\wamp\www\thinkphp\Application\Home\Controller\LoginController.class.php 第 47 行.
NOTIC: [8] Array to string conversion F:\wamp\www\thinkphp\Application\Home\Controller\LoginController.class.php 第 55 行.
INFO: [ app_end ] --START--
INFO: Run Behavior\ShowPageTraceBehavior [ RunTime:0.031207s ]
INFO: [ app_end ] --END-- [ RunTime:0.031749s ]

[ 2017-01-01T21:49:42+08:00 ] ::1 /thinkphp/index.php/home/Login/register
INFO: [ app_init ] --START--
INFO: Run Behavior\BuildLiteBehavior [ RunTime:0.000086s ]
INFO: [ app_init ] --END-- [ RunTime:0.003643s ]
INFO: [ app_begin ] --START--
INFO: Run Behavior\ReadHtmlCacheBehavior [ RunTime:0.006623s ]
INFO: [ app_begin ] --END-- [ RunTime:0.007604s ]
NOTIC: [8] Undefined index: username F:\wamp\www\thinkphp\Application\Home\Controller\LoginController.class.php 第 47 行.
NOTIC: [8] Array to string conversion F:\wamp\www\thinkphp\Application\Home\Controller\LoginController.class.php 第 55 行.
INFO: [ app_end ] --START--
INFO: Run Behavior\ShowPageTraceBehavior [ RunTime:0.003985s ]
INFO: [ app_end ] --END-- [ RunTime:0.004468s ]

[ 2017-01-01T21:49:56+08:00 ] ::1 /thinkphp/index.php/home/Login/register
INFO: [ app_init ] --START--
INFO: Run Behavior\BuildLiteBehavior [ RunTime:0.000145s ]
INFO: [ app_init ] --END-- [ RunTime:0.004858s ]
INFO: [ app_begin ] --START--
INFO: Run Behavior\ReadHtmlCacheBehavior [ RunTime:0.005563s ]
INFO: [ app_begin ] --END-- [ RunTime:0.006268s ]
NOTIC: [8] Undefined index: username F:\wamp\www\thinkphp\Application\Home\Controller\LoginController.class.php 第 47 行.
NOTIC: [8] Use of undefined constant username - assumed 'username' F:\wamp\www\thinkphp\Application\Home\Controller\LoginController.class.php 第 55 行.
NOTIC: [8] Array to string conversion F:\wamp\www\thinkphp\Application\Home\Controller\LoginController.class.php 第 55 行.
INFO: [ app_end ] --START--
INFO: Run Behavior\ShowPageTraceBehavior [ RunTime:0.007476s ]
INFO: [ app_end ] --END-- [ RunTime:0.008208s ]

[ 2017-01-01T21:49:56+08:00 ] ::1 /thinkphp/index.php/home/Login/register
INFO: [ app_init ] --START--
INFO: Run Behavior\BuildLiteBehavior [ RunTime:0.000139s ]
INFO: [ app_init ] --END-- [ RunTime:0.003992s ]
INFO: [ app_begin ] --START--
INFO: Run Behavior\ReadHtmlCacheBehavior [ RunTime:0.004171s ]
INFO: [ app_begin ] --END-- [ RunTime:0.004563s ]
NOTIC: [8] Undefined index: username F:\wamp\www\thinkphp\Application\Home\Controller\LoginController.class.php 第 47 行.
NOTIC: [8] Use of undefined constant username - assumed 'username' F:\wamp\www\thinkphp\Application\Home\Controller\LoginController.class.php 第 55 行.
NOTIC: [8] Array to string conversion F:\wamp\www\thinkphp\Application\Home\Controller\LoginController.class.php 第 55 行.
INFO: [ app_end ] --START--
INFO: Run Behavior\ShowPageTraceBehavior [ RunTime:0.006191s ]
INFO: [ app_end ] --END-- [ RunTime:0.006842s ]

[ 2017-01-01T21:51:22+08:00 ] ::1 /thinkphp/index.php/home/Login/register
INFO: [ app_init ] --START--
INFO: Run Behavior\BuildLiteBehavior [ RunTime:0.000154s ]
INFO: [ app_init ] --END-- [ RunTime:0.004571s ]
INFO: [ app_begin ] --START--
INFO: Run Behavior\ReadHtmlCacheBehavior [ RunTime:0.007568s ]
INFO: [ app_begin ] --END-- [ RunTime:0.008195s ]
NOTIC: [8] Undefined index: username F:\wamp\www\thinkphp\Application\Home\Controller\LoginController.class.php 第 47 行.
NOTIC: [2] json_decode() expects parameter 1 to be string, array given F:\wamp\www\thinkphp\Application\Home\Controller\LoginController.class.php 第 55 行.
INFO: [ app_end ] --START--
INFO: Run Behavior\ShowPageTraceBehavior [ RunTime:0.004588s ]
INFO: [ app_end ] --END-- [ RunTime:0.004993s ]

[ 2017-01-01T21:51:22+08:00 ] ::1 /thinkphp/index.php/home/Login/register
INFO: [ app_init ] --START--
INFO: Run Behavior\BuildLiteBehavior [ RunTime:0.000090s ]
INFO: [ app_init ] --END-- [ RunTime:0.003765s ]
INFO: [ app_begin ] --START--
INFO: Run Behavior\ReadHtmlCacheBehavior [ RunTime:0.005426s ]
INFO: [ app_begin ] --END-- [ RunTime:0.006435s ]
NOTIC: [8] Undefined index: username F:\wamp\www\thinkphp\Application\Home\Controller\LoginController.class.php 第 47 行.
NOTIC: [2] json_decode() expects parameter 1 to be string, array given F:\wamp\www\thinkphp\Application\Home\Controller\LoginController.class.php 第 55 行.
INFO: [ app_end ] --START--
INFO: Run Behavior\ShowPageTraceBehavior [ RunTime:0.008218s ]
INFO: [ app_end ] --END-- [ RunTime:0.009370s ]

[ 2017-01-01T21:58:25+08:00 ] ::1 /thinkphp/index.php/home/Login/register
INFO: [ app_init ] --START--
INFO: Run Behavior\BuildLiteBehavior [ RunTime:0.000133s ]
INFO: [ app_init ] --END-- [ RunTime:0.006996s ]
INFO: [ app_begin ] --START--
INFO: Run Behavior\ReadHtmlCacheBehavior [ RunTime:0.003568s ]
INFO: [ app_begin ] --END-- [ RunTime:0.004224s ]
NOTIC: [8] Undefined index: username F:\wamp\www\thinkphp\Application\Home\Controller\LoginController.class.php 第 47 行.
NOTIC: [2] json_decode() expects parameter 1 to be string, array given F:\wamp\www\thinkphp\Application\Home\Controller\LoginController.class.php 第 55 行.
INFO: [ app_end ] --START--
INFO: Run Behavior\ShowPageTraceBehavior [ RunTime:0.007560s ]
INFO: [ app_end ] --END-- [ RunTime:0.008052s ]

[ 2017-01-01T21:58:47+08:00 ] ::1 /thinkphp/index.php/home/Login/register
INFO: [ app_init ] --START--
INFO: Run Behavior\BuildLiteBehavior [ RunTime:0.000158s ]
INFO: [ app_init ] --END-- [ RunTime:0.005487s ]
INFO: [ app_begin ] --START--
INFO: Run Behavior\ReadHtmlCacheBehavior [ RunTime:0.010384s ]
INFO: [ app_begin ] --END-- [ RunTime:0.011140s ]
NOTIC: [8] Undefined index: username F:\wamp\www\thinkphp\Application\Home\Controller\LoginController.class.php 第 47 行.

[ 2017-01-01T21:59:24+08:00 ] ::1 /thinkphp/index.php/home/Login/register
INFO: [ app_init ] --START--
INFO: Run Behavior\BuildLiteBehavior [ RunTime:0.000133s ]
INFO: [ app_init ] --END-- [ RunTime:0.003568s ]
INFO: [ app_begin ] --START--
INFO: Run Behavior\ReadHtmlCacheBehavior [ RunTime:0.005015s ]
INFO: [ app_begin ] --END-- [ RunTime:0.005608s ]

[ 2017-01-01T22:12:12+08:00 ] ::1 /thinkphp/index.php/home/Login/register
INFO: [ app_init ] --START--
INFO: Run Behavior\BuildLiteBehavior [ RunTime:0.000153s ]
INFO: [ app_init ] --END-- [ RunTime:0.005543s ]
INFO: [ app_begin ] --START--
INFO: Run Behavior\ReadHtmlCacheBehavior [ RunTime:0.006674s ]
INFO: [ app_begin ] --END-- [ RunTime:0.007264s ]

[ 2017-01-01T22:12:12+08:00 ] ::1 /thinkphp/index.php/home/Login/register
INFO: [ app_init ] --START--
INFO: Run Behavior\BuildLiteBehavior [ RunTime:0.000138s ]
INFO: [ app_init ] --END-- [ RunTime:0.004507s ]
INFO: [ app_begin ] --START--
INFO: Run Behavior\ReadHtmlCacheBehavior [ RunTime:0.005727s ]
INFO: [ app_begin ] --END-- [ RunTime:0.006197s ]

[ 2017-01-01T22:12:59+08:00 ] ::1 /thinkphp/index.php/home/Login/register
INFO: [ app_init ] --START--
INFO: Run Behavior\BuildLiteBehavior [ RunTime:0.000097s ]
INFO: [ app_init ] --END-- [ RunTime:0.003176s ]
INFO: [ app_begin ] --START--
INFO: Run Behavior\ReadHtmlCacheBehavior [ RunTime:0.007277s ]
INFO: [ app_begin ] --END-- [ RunTime:0.007737s ]

[ 2017-01-01T22:12:59+08:00 ] ::1 /thinkphp/index.php/home/Login/register
INFO: [ app_init ] --START--
INFO: Run Behavior\BuildLiteBehavior [ RunTime:0.000098s ]
INFO: [ app_init ] --END-- [ RunTime:0.003396s ]
INFO: [ app_begin ] --START--
INFO: Run Behavior\ReadHtmlCacheBehavior [ RunTime:0.003931s ]
INFO: [ app_begin ] --END-- [ RunTime:0.004551s ]

[ 2017-01-01T22:13:19+08:00 ] ::1 /thinkphp/index.php/home/Login/register
INFO: [ app_init ] --START--
INFO: Run Behavior\BuildLiteBehavior [ RunTime:0.000140s ]
INFO: [ app_init ] --END-- [ RunTime:0.004091s ]
INFO: [ app_begin ] --START--
INFO: Run Behavior\ReadHtmlCacheBehavior [ RunTime:0.005491s ]
INFO: [ app_begin ] --END-- [ RunTime:0.006062s ]

[ 2017-01-01T22:13:19+08:00 ] ::1 /thinkphp/index.php/home/Login/register
INFO: [ app_init ] --START--
INFO: Run Behavior\BuildLiteBehavior [ RunTime:0.000077s ]
INFO: [ app_init ] --END-- [ RunTime:0.002638s ]
INFO: [ app_begin ] --START--
INFO: Run Behavior\ReadHtmlCacheBehavior [ RunTime:0.004382s ]
INFO: [ app_begin ] --END-- [ RunTime:0.004848s ]

[ 2017-01-01T22:13:29+08:00 ] ::1 /thinkphp/index.php/home/Login/register
INFO: [ app_init ] --START--
INFO: Run Behavior\BuildLiteBehavior [ RunTime:0.000117s ]
INFO: [ app_init ] --END-- [ RunTime:0.004386s ]
INFO: [ app_begin ] --START--
INFO: Run Behavior\ReadHtmlCacheBehavior [ RunTime:0.005369s ]
INFO: [ app_begin ] --END-- [ RunTime:0.005803s ]
NOTIC: [8] Undefined index: username F:\wamp\www\thinkphp\Application\Home\Controller\LoginController.class.php 第 47 行.

[ 2017-01-01T22:13:30+08:00 ] ::1 /thinkphp/index.php/home/Login/register
INFO: [ app_init ] --START--
INFO: Run Behavior\BuildLiteBehavior [ RunTime:0.000078s ]
INFO: [ app_init ] --END-- [ RunTime:0.002449s ]
INFO: [ app_begin ] --START--
INFO: Run Behavior\ReadHtmlCacheBehavior [ RunTime:0.005992s ]
INFO: [ app_begin ] --END-- [ RunTime:0.007019s ]
NOTIC: [8] Undefined index: username F:\wamp\www\thinkphp\Application\Home\Controller\LoginController.class.php 第 47 行.

[ 2017-01-01T22:14:35+08:00 ] ::1 /thinkphp/index.php/home/Login/register
INFO: [ app_init ] --START--
INFO: Run Behavior\BuildLiteBehavior [ RunTime:0.000127s ]
INFO: [ app_init ] --END-- [ RunTime:0.003435s ]
INFO: [ app_begin ] --START--
INFO: Run Behavior\ReadHtmlCacheBehavior [ RunTime:0.006595s ]
INFO: [ app_begin ] --END-- [ RunTime:0.007366s ]

[ 2017-01-01T22:14:36+08:00 ] ::1 /thinkphp/index.php/home/Login/register
INFO: [ app_init ] --START--
INFO: Run Behavior\BuildLiteBehavior [ RunTime:0.000131s ]
INFO: [ app_init ] --END-- [ RunTime:0.006894s ]
INFO: [ app_begin ] --START--
INFO: Run Behavior\ReadHtmlCacheBehavior [ RunTime:0.040939s ]
INFO: [ app_begin ] --END-- [ RunTime:0.041707s ]

[ 2017-01-01T22:17:10+08:00 ] ::1 /thinkphp/index.php/home/Login/register?username=%27hzzly%27
INFO: [ app_init ] --START--
INFO: Run Behavior\BuildLiteBehavior [ RunTime:0.000088s ]
INFO: [ app_init ] --END-- [ RunTime:0.003068s ]
INFO: [ app_begin ] --START--
INFO: Run Behavior\ReadHtmlCacheBehavior [ RunTime:0.006400s ]
INFO: [ app_begin ] --END-- [ RunTime:0.006970s ]

[ 2017-01-01T22:30:47+08:00 ] ::1 /thinkphp/index.php/home/Login/register
INFO: [ app_init ] --START--
INFO: Run Behavior\BuildLiteBehavior [ RunTime:0.000175s ]
INFO: [ app_init ] --END-- [ RunTime:0.004237s ]
INFO: [ app_begin ] --START--
INFO: Run Behavior\ReadHtmlCacheBehavior [ RunTime:0.006969s ]
INFO: [ app_begin ] --END-- [ RunTime:0.007748s ]

[ 2017-01-01T22:32:02+08:00 ] ::1 /thinkphp/index.php/home/Login/register
INFO: [ app_init ] --START--
INFO: Run Behavior\BuildLiteBehavior [ RunTime:0.000086s ]
INFO: [ app_init ] --END-- [ RunTime:0.004605s ]
INFO: [ app_begin ] --START--
INFO: Run Behavior\ReadHtmlCacheBehavior [ RunTime:0.004055s ]
INFO: [ app_begin ] --END-- [ RunTime:0.004433s ]
SQL: SHOW COLUMNS FROM `cd_user` [ RunTime:0.0810s ]
SQL: INSERT INTO `cd_user` (`username`,`phone`,`password`) VALUES ('hzzly','18679168426','e10adc3949ba59abbe56e057f20f883e') [ RunTime:0.0795s ]

