[ 2017-03-03T11:00:30+08:00 ] ::1 /thinkphp/index.php/home/Renthouse/showlist
INFO: [ app_init ] --START--
INFO: Run Behavior\BuildLiteBehavior [ RunTime:0.000032s ]
INFO: [ app_init ] --END-- [ RunTime:0.001202s ]
INFO: [ app_begin ] --START--
INFO: Run Behavior\ReadHtmlCacheBehavior [ RunTime:0.011190s ]
INFO: [ app_begin ] --END-- [ RunTime:0.011786s ]
SQL: SHOW COLUMNS FROM `cd_renthouse` [ RunTime:0.0133s ]
SQL: SELECT * FROM `cd_renthouse` INNER JOIN cd_user ON cd_renthouse.uid = cd_user.uid  ORDER BY id desc  [ RunTime:0.0525s ]

[ 2017-03-03T11:00:32+08:00 ] ::1 /thinkphp/index.php/home/Buyhouse/showlist
INFO: [ app_init ] --START--
INFO: Run Behavior\BuildLiteBehavior [ RunTime:0.000057s ]
INFO: [ app_init ] --END-- [ RunTime:0.001572s ]
INFO: [ app_begin ] --START--
INFO: Run Behavior\ReadHtmlCacheBehavior [ RunTime:0.004863s ]
INFO: [ app_begin ] --END-- [ RunTime:0.005205s ]
SQL: SHOW COLUMNS FROM `cd_buyhouse` [ RunTime:0.0107s ]
SQL: SELECT * FROM `cd_buyhouse` INNER JOIN cd_user ON cd_buyhouse.uid = cd_user.uid  ORDER BY id desc  [ RunTime:0.0018s ]

[ 2017-03-03T11:00:35+08:00 ] ::1 /thinkphp/index.php/home/Renthouse/showlist
INFO: [ app_init ] --START--
INFO: Run Behavior\BuildLiteBehavior [ RunTime:0.000036s ]
INFO: [ app_init ] --END-- [ RunTime:0.001955s ]
INFO: [ app_begin ] --START--
INFO: Run Behavior\ReadHtmlCacheBehavior [ RunTime:0.004244s ]
INFO: [ app_begin ] --END-- [ RunTime:0.004458s ]
SQL: SHOW COLUMNS FROM `cd_renthouse` [ RunTime:0.0121s ]
SQL: SELECT * FROM `cd_renthouse` INNER JOIN cd_user ON cd_renthouse.uid = cd_user.uid  ORDER BY id desc  [ RunTime:0.0009s ]

[ 2017-03-03T11:00:37+08:00 ] ::1 /thinkphp/index.php/home/Buyhouse/showlist
INFO: [ app_init ] --START--
INFO: Run Behavior\BuildLiteBehavior [ RunTime:0.000035s ]
INFO: [ app_init ] --END-- [ RunTime:0.002100s ]
INFO: [ app_begin ] --START--
INFO: Run Behavior\ReadHtmlCacheBehavior [ RunTime:0.003841s ]
INFO: [ app_begin ] --END-- [ RunTime:0.004009s ]
SQL: SHOW COLUMNS FROM `cd_buyhouse` [ RunTime:0.0077s ]
SQL: SELECT * FROM `cd_buyhouse` INNER JOIN cd_user ON cd_buyhouse.uid = cd_user.uid  ORDER BY id desc  [ RunTime:0.0008s ]

[ 2017-03-03T11:00:41+08:00 ] ::1 /thinkphp/index.php/home/User/showlist
INFO: [ app_init ] --START--
INFO: Run Behavior\BuildLiteBehavior [ RunTime:0.000033s ]
INFO: [ app_init ] --END-- [ RunTime:0.001375s ]
INFO: [ app_begin ] --START--
INFO: Run Behavior\ReadHtmlCacheBehavior [ RunTime:0.008602s ]
INFO: [ app_begin ] --END-- [ RunTime:0.008880s ]
SQL: SHOW COLUMNS FROM `cd_user` [ RunTime:0.0134s ]
SQL: SELECT * FROM `cd_user`  [ RunTime:0.0005s ]

[ 2017-03-03T11:00:45+08:00 ] ::1 /thinkphp/index.php/home/Msgboard/showlist
INFO: [ app_init ] --START--
INFO: Run Behavior\BuildLiteBehavior [ RunTime:0.000060s ]
INFO: [ app_init ] --END-- [ RunTime:0.002203s ]
INFO: [ app_begin ] --START--
INFO: Run Behavior\ReadHtmlCacheBehavior [ RunTime:0.003872s ]
INFO: [ app_begin ] --END-- [ RunTime:0.004089s ]
SQL: SHOW COLUMNS FROM `cd_msgboard` [ RunTime:0.0099s ]
SQL: SELECT * FROM `cd_msgboard` INNER JOIN cd_user ON cd_msgboard.uid = cd_user.uid  ORDER BY id desc  [ RunTime:0.0009s ]

[ 2017-03-03T11:01:01+08:00 ] ::1 /thinkphp/index.php/home/Renthouse/showlist
INFO: [ app_init ] --START--
INFO: Run Behavior\BuildLiteBehavior [ RunTime:0.000034s ]
INFO: [ app_init ] --END-- [ RunTime:0.001980s ]
INFO: [ app_begin ] --START--
INFO: Run Behavior\ReadHtmlCacheBehavior [ RunTime:0.004165s ]
INFO: [ app_begin ] --END-- [ RunTime:0.004346s ]
SQL: SHOW COLUMNS FROM `cd_renthouse` [ RunTime:0.1658s ]
SQL: SELECT * FROM `cd_renthouse` INNER JOIN cd_user ON cd_renthouse.uid = cd_user.uid  ORDER BY id desc  [ RunTime:0.0017s ]

[ 2017-03-03T11:01:23+08:00 ] ::1 /thinkphp/index.php/home/Buyhouse/showlist
INFO: [ app_init ] --START--
INFO: Run Behavior\BuildLiteBehavior [ RunTime:0.000033s ]
INFO: [ app_init ] --END-- [ RunTime:0.001401s ]
INFO: [ app_begin ] --START--
INFO: Run Behavior\ReadHtmlCacheBehavior [ RunTime:0.003498s ]
INFO: [ app_begin ] --END-- [ RunTime:0.003859s ]
SQL: SHOW COLUMNS FROM `cd_buyhouse` [ RunTime:0.0146s ]
SQL: SELECT * FROM `cd_buyhouse` INNER JOIN cd_user ON cd_buyhouse.uid = cd_user.uid  ORDER BY id desc  [ RunTime:0.0010s ]

[ 2017-03-03T11:01:27+08:00 ] ::1 /thinkphp/index.php/home/Buyhouse/add
INFO: [ app_init ] --START--
INFO: Run Behavior\BuildLiteBehavior [ RunTime:0.000070s ]
INFO: [ app_init ] --END-- [ RunTime:0.002748s ]
INFO: [ app_begin ] --START--
INFO: Run Behavior\ReadHtmlCacheBehavior [ RunTime:0.007809s ]
INFO: [ app_begin ] --END-- [ RunTime:0.008145s ]
SQL: SHOW COLUMNS FROM `cd_buyhouse` [ RunTime:0.0131s ]
SQL: INSERT INTO `cd_buyhouse` (`uid`,`htype`,`bprice`,`jarea`,`decoratetype`,`haddress`,`isbuy`) VALUES ('1','','','','','','0') [ RunTime:0.1610s ]

[ 2017-03-03T11:01:28+08:00 ] ::1 /thinkphp/index.php/home/Buyhouse/showlist
INFO: [ app_init ] --START--
INFO: Run Behavior\BuildLiteBehavior [ RunTime:0.000125s ]
INFO: [ app_init ] --END-- [ RunTime:0.004374s ]
INFO: [ app_begin ] --START--
INFO: Run Behavior\ReadHtmlCacheBehavior [ RunTime:0.006288s ]
INFO: [ app_begin ] --END-- [ RunTime:0.006515s ]
SQL: SHOW COLUMNS FROM `cd_buyhouse` [ RunTime:0.0158s ]
SQL: SELECT * FROM `cd_buyhouse` INNER JOIN cd_user ON cd_buyhouse.uid = cd_user.uid  ORDER BY id desc  [ RunTime:0.0010s ]

[ 2017-03-03T11:01:32+08:00 ] ::1 /thinkphp/index.php/home/Buyhouse/showlist
INFO: [ app_init ] --START--
INFO: Run Behavior\BuildLiteBehavior [ RunTime:0.000066s ]
INFO: [ app_init ] --END-- [ RunTime:0.002362s ]
INFO: [ app_begin ] --START--
INFO: Run Behavior\ReadHtmlCacheBehavior [ RunTime:0.003317s ]
INFO: [ app_begin ] --END-- [ RunTime:0.003622s ]
SQL: SHOW COLUMNS FROM `cd_buyhouse` [ RunTime:0.0100s ]
SQL: SELECT * FROM `cd_buyhouse` INNER JOIN cd_user ON cd_buyhouse.uid = cd_user.uid  ORDER BY id desc  [ RunTime:0.0032s ]

[ 2017-03-03T11:01:33+08:00 ] ::1 /thinkphp/index.php/home/Renthouse/showlist
INFO: [ app_init ] --START--
INFO: Run Behavior\BuildLiteBehavior [ RunTime:0.000132s ]
INFO: [ app_init ] --END-- [ RunTime:0.012963s ]
INFO: [ app_begin ] --START--
INFO: Run Behavior\ReadHtmlCacheBehavior [ RunTime:0.010423s ]
INFO: [ app_begin ] --END-- [ RunTime:0.010713s ]
SQL: SHOW COLUMNS FROM `cd_renthouse` [ RunTime:0.0539s ]
SQL: SELECT * FROM `cd_renthouse` INNER JOIN cd_user ON cd_renthouse.uid = cd_user.uid  ORDER BY id desc  [ RunTime:0.0012s ]

[ 2017-03-03T11:01:41+08:00 ] ::1 /thinkphp/index.php/home/Buyhouse/showlist
INFO: [ app_init ] --START--
INFO: Run Behavior\BuildLiteBehavior [ RunTime:0.000052s ]
INFO: [ app_init ] --END-- [ RunTime:0.001350s ]
INFO: [ app_begin ] --START--
INFO: Run Behavior\ReadHtmlCacheBehavior [ RunTime:0.002692s ]
INFO: [ app_begin ] --END-- [ RunTime:0.003015s ]
SQL: SHOW COLUMNS FROM `cd_buyhouse` [ RunTime:0.0130s ]
SQL: SELECT * FROM `cd_buyhouse` INNER JOIN cd_user ON cd_buyhouse.uid = cd_user.uid  ORDER BY id desc  [ RunTime:0.0011s ]

[ 2017-03-03T11:01:43+08:00 ] ::1 /thinkphp/index.php/home/User/showlist
INFO: [ app_init ] --START--
INFO: Run Behavior\BuildLiteBehavior [ RunTime:0.000032s ]
INFO: [ app_init ] --END-- [ RunTime:0.000855s ]
INFO: [ app_begin ] --START--
INFO: Run Behavior\ReadHtmlCacheBehavior [ RunTime:0.002754s ]
INFO: [ app_begin ] --END-- [ RunTime:0.003072s ]
SQL: SHOW COLUMNS FROM `cd_user` [ RunTime:0.0135s ]
SQL: SELECT * FROM `cd_user`  [ RunTime:0.0005s ]

[ 2017-03-03T11:01:47+08:00 ] ::1 /thinkphp/index.php/home/Msgboard/showlist
INFO: [ app_init ] --START--
INFO: Run Behavior\BuildLiteBehavior [ RunTime:0.000054s ]
INFO: [ app_init ] --END-- [ RunTime:0.001272s ]
INFO: [ app_begin ] --START--
INFO: Run Behavior\ReadHtmlCacheBehavior [ RunTime:0.005250s ]
INFO: [ app_begin ] --END-- [ RunTime:0.005459s ]
SQL: SHOW COLUMNS FROM `cd_msgboard` [ RunTime:0.0119s ]
SQL: SELECT * FROM `cd_msgboard` INNER JOIN cd_user ON cd_msgboard.uid = cd_user.uid  ORDER BY id desc  [ RunTime:0.0010s ]

[ 2017-03-03T11:02:11+08:00 ] ::1 /thinkphp/index.php/home/Login/login
INFO: [ app_init ] --START--
INFO: Run Behavior\BuildLiteBehavior [ RunTime:0.000061s ]
INFO: [ app_init ] --END-- [ RunTime:0.001966s ]
INFO: [ app_begin ] --START--
INFO: Run Behavior\ReadHtmlCacheBehavior [ RunTime:0.004794s ]
INFO: [ app_begin ] --END-- [ RunTime:0.005153s ]
SQL: SHOW COLUMNS FROM `cd_user` [ RunTime:0.0134s ]
SQL: SELECT * FROM `cd_user` WHERE `username` = 'hzzly' LIMIT 1   [ RunTime:0.0005s ]

[ 2017-03-03T11:02:13+08:00 ] ::1 /thinkphp/index.php/home/Msgboard/showlist
INFO: [ app_init ] --START--
INFO: Run Behavior\BuildLiteBehavior [ RunTime:0.000054s ]
INFO: [ app_init ] --END-- [ RunTime:0.001829s ]
INFO: [ app_begin ] --START--
INFO: Run Behavior\ReadHtmlCacheBehavior [ RunTime:0.003911s ]
INFO: [ app_begin ] --END-- [ RunTime:0.004179s ]
SQL: SHOW COLUMNS FROM `cd_msgboard` [ RunTime:0.0135s ]
SQL: SELECT * FROM `cd_msgboard` INNER JOIN cd_user ON cd_msgboard.uid = cd_user.uid  ORDER BY id desc  [ RunTime:0.0011s ]

[ 2017-03-03T14:06:18+08:00 ] ::1 /thinkphp/index.php/home/Login/login
INFO: [ app_init ] --START--
INFO: Run Behavior\BuildLiteBehavior [ RunTime:0.000045s ]
INFO: [ app_init ] --END-- [ RunTime:0.052362s ]
INFO: [ app_begin ] --START--
INFO: Run Behavior\ReadHtmlCacheBehavior [ RunTime:0.014431s ]
INFO: [ app_begin ] --END-- [ RunTime:0.014815s ]
SQL: SHOW COLUMNS FROM `cd_user` [ RunTime:0.1996s ]
SQL: SELECT * FROM `cd_user` WHERE `username` = 'admin' LIMIT 1   [ RunTime:0.1130s ]

[ 2017-03-03T14:06:27+08:00 ] ::1 /thinkphp/index.php/home/Login/login
INFO: [ app_init ] --START--
INFO: Run Behavior\BuildLiteBehavior [ RunTime:0.000061s ]
INFO: [ app_init ] --END-- [ RunTime:0.001030s ]
INFO: [ app_begin ] --START--
INFO: Run Behavior\ReadHtmlCacheBehavior [ RunTime:0.003160s ]
INFO: [ app_begin ] --END-- [ RunTime:0.003486s ]
SQL: SHOW COLUMNS FROM `cd_user` [ RunTime:0.1001s ]
SQL: SELECT * FROM `cd_user` WHERE `username` = 'hzzly' LIMIT 1   [ RunTime:0.0005s ]

[ 2017-03-03T14:06:30+08:00 ] ::1 /thinkphp/index.php/home/Renthouse/showlist
INFO: [ app_init ] --START--
INFO: Run Behavior\BuildLiteBehavior [ RunTime:0.000032s ]
INFO: [ app_init ] --END-- [ RunTime:0.000856s ]
INFO: [ app_begin ] --START--
INFO: Run Behavior\ReadHtmlCacheBehavior [ RunTime:0.000887s ]
INFO: [ app_begin ] --END-- [ RunTime:0.001028s ]
SQL: SHOW COLUMNS FROM `cd_renthouse` [ RunTime:0.0397s ]
SQL: SELECT * FROM `cd_renthouse` INNER JOIN cd_user ON cd_renthouse.uid = cd_user.uid  ORDER BY id desc  [ RunTime:0.0656s ]

[ 2017-03-03T14:06:31+08:00 ] ::1 /thinkphp/index.php/home/Buyhouse/showlist
INFO: [ app_init ] --START--
INFO: Run Behavior\BuildLiteBehavior [ RunTime:0.000055s ]
INFO: [ app_init ] --END-- [ RunTime:0.001344s ]
INFO: [ app_begin ] --START--
INFO: Run Behavior\ReadHtmlCacheBehavior [ RunTime:0.003421s ]
INFO: [ app_begin ] --END-- [ RunTime:0.003756s ]
SQL: SHOW COLUMNS FROM `cd_buyhouse` [ RunTime:0.0991s ]
SQL: SELECT * FROM `cd_buyhouse` INNER JOIN cd_user ON cd_buyhouse.uid = cd_user.uid  ORDER BY id desc  [ RunTime:0.0007s ]

[ 2017-03-03T14:06:32+08:00 ] ::1 /thinkphp/index.php/home/Renthouse/showlist
INFO: [ app_init ] --START--
INFO: Run Behavior\BuildLiteBehavior [ RunTime:0.000036s ]
INFO: [ app_init ] --END-- [ RunTime:0.000862s ]
INFO: [ app_begin ] --START--
INFO: Run Behavior\ReadHtmlCacheBehavior [ RunTime:0.002319s ]
INFO: [ app_begin ] --END-- [ RunTime:0.002540s ]
SQL: SHOW COLUMNS FROM `cd_renthouse` [ RunTime:0.1034s ]
SQL: SELECT * FROM `cd_renthouse` INNER JOIN cd_user ON cd_renthouse.uid = cd_user.uid  ORDER BY id desc  [ RunTime:0.0008s ]

[ 2017-03-03T14:06:34+08:00 ] ::1 /thinkphp/index.php/home/Buyhouse/showlist
INFO: [ app_init ] --START--
INFO: Run Behavior\BuildLiteBehavior [ RunTime:0.000098s ]
INFO: [ app_init ] --END-- [ RunTime:0.003269s ]
INFO: [ app_begin ] --START--
INFO: Run Behavior\ReadHtmlCacheBehavior [ RunTime:0.002027s ]
INFO: [ app_begin ] --END-- [ RunTime:0.002438s ]
SQL: SHOW COLUMNS FROM `cd_buyhouse` [ RunTime:0.0123s ]
SQL: SELECT * FROM `cd_buyhouse` INNER JOIN cd_user ON cd_buyhouse.uid = cd_user.uid  ORDER BY id desc  [ RunTime:0.0026s ]

[ 2017-03-03T14:06:36+08:00 ] ::1 /thinkphp/index.php/home/index
INFO: [ app_init ] --START--
INFO: Run Behavior\BuildLiteBehavior [ RunTime:0.000052s ]
INFO: [ app_init ] --END-- [ RunTime:0.001143s ]
INFO: [ app_begin ] --START--
INFO: Run Behavior\ReadHtmlCacheBehavior [ RunTime:0.001231s ]
INFO: [ app_begin ] --END-- [ RunTime:0.001489s ]
SQL: SHOW COLUMNS FROM `cd_user` [ RunTime:0.0060s ]
SQL: SELECT * FROM `cd_user` WHERE `uid` = 4 LIMIT 1   [ RunTime:0.0004s ]

[ 2017-03-03T14:06:37+08:00 ] ::1 /thinkphp/index.php/home/index
INFO: [ app_init ] --START--
INFO: Run Behavior\BuildLiteBehavior [ RunTime:0.000037s ]
INFO: [ app_init ] --END-- [ RunTime:0.001615s ]
INFO: [ app_begin ] --START--
INFO: Run Behavior\ReadHtmlCacheBehavior [ RunTime:0.001562s ]
INFO: [ app_begin ] --END-- [ RunTime:0.001837s ]
SQL: SHOW COLUMNS FROM `cd_user` [ RunTime:0.0122s ]
SQL: SELECT * FROM `cd_user` WHERE `uid` = 4 LIMIT 1   [ RunTime:0.0006s ]

[ 2017-03-03T14:06:45+08:00 ] ::1 /thinkphp/index.php/home/Renthouse/showlist
INFO: [ app_init ] --START--
INFO: Run Behavior\BuildLiteBehavior [ RunTime:0.000031s ]
INFO: [ app_init ] --END-- [ RunTime:0.000858s ]
INFO: [ app_begin ] --START--
INFO: Run Behavior\ReadHtmlCacheBehavior [ RunTime:0.001659s ]
INFO: [ app_begin ] --END-- [ RunTime:0.002094s ]
SQL: SHOW COLUMNS FROM `cd_renthouse` [ RunTime:0.4435s ]
SQL: SELECT * FROM `cd_renthouse` INNER JOIN cd_user ON cd_renthouse.uid = cd_user.uid  ORDER BY id desc  [ RunTime:0.0020s ]

[ 2017-03-03T14:06:48+08:00 ] ::1 /thinkphp/index.php/home/Buyhouse/showlist
INFO: [ app_init ] --START--
INFO: Run Behavior\BuildLiteBehavior [ RunTime:0.000085s ]
INFO: [ app_init ] --END-- [ RunTime:0.002748s ]
INFO: [ app_begin ] --START--
INFO: Run Behavior\ReadHtmlCacheBehavior [ RunTime:0.001267s ]
INFO: [ app_begin ] --END-- [ RunTime:0.001454s ]
SQL: SHOW COLUMNS FROM `cd_buyhouse` [ RunTime:0.1908s ]
SQL: SELECT * FROM `cd_buyhouse` INNER JOIN cd_user ON cd_buyhouse.uid = cd_user.uid  ORDER BY id desc  [ RunTime:0.0014s ]

[ 2017-03-03T14:06:50+08:00 ] ::1 /thinkphp/index.php/home/Renthouse/showlist
INFO: [ app_init ] --START--
INFO: Run Behavior\BuildLiteBehavior [ RunTime:0.000033s ]
INFO: [ app_init ] --END-- [ RunTime:0.001385s ]
INFO: [ app_begin ] --START--
INFO: Run Behavior\ReadHtmlCacheBehavior [ RunTime:0.000853s ]
INFO: [ app_begin ] --END-- [ RunTime:0.001010s ]
SQL: SHOW COLUMNS FROM `cd_renthouse` [ RunTime:0.3634s ]
SQL: SELECT * FROM `cd_renthouse` INNER JOIN cd_user ON cd_renthouse.uid = cd_user.uid  ORDER BY id desc  [ RunTime:0.0009s ]

[ 2017-03-03T14:06:52+08:00 ] ::1 /thinkphp/index.php/home/Buyhouse/showlist
INFO: [ app_init ] --START--
INFO: Run Behavior\BuildLiteBehavior [ RunTime:0.000060s ]
INFO: [ app_init ] --END-- [ RunTime:0.001443s ]
INFO: [ app_begin ] --START--
INFO: Run Behavior\ReadHtmlCacheBehavior [ RunTime:0.001141s ]
INFO: [ app_begin ] --END-- [ RunTime:0.001369s ]
SQL: SHOW COLUMNS FROM `cd_buyhouse` [ RunTime:0.0084s ]
SQL: SELECT * FROM `cd_buyhouse` INNER JOIN cd_user ON cd_buyhouse.uid = cd_user.uid  ORDER BY id desc  [ RunTime:0.0011s ]

[ 2017-03-03T14:07:37+08:00 ] ::1 /thinkphp/index.php/home/Renthouse/showlist
INFO: [ app_init ] --START--
INFO: Run Behavior\BuildLiteBehavior [ RunTime:0.000062s ]
INFO: [ app_init ] --END-- [ RunTime:0.004516s ]
INFO: [ app_begin ] --START--
INFO: Run Behavior\ReadHtmlCacheBehavior [ RunTime:0.003941s ]
INFO: [ app_begin ] --END-- [ RunTime:0.004227s ]
SQL: SHOW COLUMNS FROM `cd_renthouse` [ RunTime:0.0182s ]
SQL: SELECT * FROM `cd_renthouse` INNER JOIN cd_user ON cd_renthouse.uid = cd_user.uid  ORDER BY id desc  [ RunTime:0.0012s ]

[ 2017-03-03T14:07:41+08:00 ] ::1 /thinkphp/index.php/home/Renthouse/showlist
INFO: [ app_init ] --START--
INFO: Run Behavior\BuildLiteBehavior [ RunTime:0.000062s ]
INFO: [ app_init ] --END-- [ RunTime:0.001756s ]
INFO: [ app_begin ] --START--
INFO: Run Behavior\ReadHtmlCacheBehavior [ RunTime:0.003564s ]
INFO: [ app_begin ] --END-- [ RunTime:0.003832s ]
SQL: SHOW COLUMNS FROM `cd_renthouse` [ RunTime:0.0138s ]
SQL: SELECT * FROM `cd_renthouse` INNER JOIN cd_user ON cd_renthouse.uid = cd_user.uid  ORDER BY id desc  [ RunTime:0.0017s ]

[ 2017-03-03T14:07:42+08:00 ] ::1 /thinkphp/index.php/home/Buyhouse/showlist
INFO: [ app_init ] --START--
INFO: Run Behavior\BuildLiteBehavior [ RunTime:0.000061s ]
INFO: [ app_init ] --END-- [ RunTime:0.002051s ]
INFO: [ app_begin ] --START--
INFO: Run Behavior\ReadHtmlCacheBehavior [ RunTime:0.001360s ]
INFO: [ app_begin ] --END-- [ RunTime:0.001636s ]
SQL: SHOW COLUMNS FROM `cd_buyhouse` [ RunTime:0.0126s ]
SQL: SELECT * FROM `cd_buyhouse` INNER JOIN cd_user ON cd_buyhouse.uid = cd_user.uid  ORDER BY id desc  [ RunTime:0.0011s ]

[ 2017-03-03T14:07:44+08:00 ] ::1 /thinkphp/index.php/home/Renthouse/showlist
INFO: [ app_init ] --START--
INFO: Run Behavior\BuildLiteBehavior [ RunTime:0.000034s ]
INFO: [ app_init ] --END-- [ RunTime:0.000825s ]
INFO: [ app_begin ] --START--
INFO: Run Behavior\ReadHtmlCacheBehavior [ RunTime:0.001916s ]
INFO: [ app_begin ] --END-- [ RunTime:0.002299s ]
SQL: SHOW COLUMNS FROM `cd_renthouse` [ RunTime:0.0098s ]
SQL: SELECT * FROM `cd_renthouse` INNER JOIN cd_user ON cd_renthouse.uid = cd_user.uid  ORDER BY id desc  [ RunTime:0.0014s ]

[ 2017-03-03T14:07:46+08:00 ] ::1 /thinkphp/index.php/home/Buyhouse/showlist
INFO: [ app_init ] --START--
INFO: Run Behavior\BuildLiteBehavior [ RunTime:0.000077s ]
INFO: [ app_init ] --END-- [ RunTime:0.001779s ]
INFO: [ app_begin ] --START--
INFO: Run Behavior\ReadHtmlCacheBehavior [ RunTime:0.002770s ]
INFO: [ app_begin ] --END-- [ RunTime:0.003354s ]
SQL: SHOW COLUMNS FROM `cd_buyhouse` [ RunTime:0.0138s ]
SQL: SELECT * FROM `cd_buyhouse` INNER JOIN cd_user ON cd_buyhouse.uid = cd_user.uid  ORDER BY id desc  [ RunTime:0.0011s ]

[ 2017-03-03T14:07:54+08:00 ] ::1 /thinkphp/index.php/home/index
INFO: [ app_init ] --START--
INFO: Run Behavior\BuildLiteBehavior [ RunTime:0.000108s ]
INFO: [ app_init ] --END-- [ RunTime:0.001645s ]
INFO: [ app_begin ] --START--
INFO: Run Behavior\ReadHtmlCacheBehavior [ RunTime:0.001423s ]
INFO: [ app_begin ] --END-- [ RunTime:0.001705s ]
SQL: SHOW COLUMNS FROM `cd_user` [ RunTime:0.0115s ]
SQL: SELECT * FROM `cd_user` WHERE `uid` = 4 LIMIT 1   [ RunTime:0.0007s ]

[ 2017-03-03T14:07:56+08:00 ] ::1 /thinkphp/index.php/home/Renthouse/showlist
INFO: [ app_init ] --START--
INFO: Run Behavior\BuildLiteBehavior [ RunTime:0.000063s ]
INFO: [ app_init ] --END-- [ RunTime:0.001580s ]
INFO: [ app_begin ] --START--
INFO: Run Behavior\ReadHtmlCacheBehavior [ RunTime:0.001524s ]
INFO: [ app_begin ] --END-- [ RunTime:0.001781s ]
SQL: SHOW COLUMNS FROM `cd_renthouse` [ RunTime:0.0127s ]
SQL: SELECT * FROM `cd_renthouse` INNER JOIN cd_user ON cd_renthouse.uid = cd_user.uid  ORDER BY id desc  [ RunTime:0.0025s ]

[ 2017-03-03T14:07:58+08:00 ] ::1 /thinkphp/index.php/home/Buyhouse/showlist
INFO: [ app_init ] --START--
INFO: Run Behavior\BuildLiteBehavior [ RunTime:0.000060s ]
INFO: [ app_init ] --END-- [ RunTime:0.001684s ]
INFO: [ app_begin ] --START--
INFO: Run Behavior\ReadHtmlCacheBehavior [ RunTime:0.001456s ]
INFO: [ app_begin ] --END-- [ RunTime:0.001725s ]
SQL: SHOW COLUMNS FROM `cd_buyhouse` [ RunTime:0.0118s ]
SQL: SELECT * FROM `cd_buyhouse` INNER JOIN cd_user ON cd_buyhouse.uid = cd_user.uid  ORDER BY id desc  [ RunTime:0.0035s ]

[ 2017-03-03T14:07:59+08:00 ] ::1 /thinkphp/index.php/home/Buyhouse/showlist
INFO: [ app_init ] --START--
INFO: Run Behavior\BuildLiteBehavior [ RunTime:0.000054s ]
INFO: [ app_init ] --END-- [ RunTime:0.001140s ]
INFO: [ app_begin ] --START--
INFO: Run Behavior\ReadHtmlCacheBehavior [ RunTime:0.003641s ]
INFO: [ app_begin ] --END-- [ RunTime:0.003936s ]
SQL: SHOW COLUMNS FROM `cd_buyhouse` [ RunTime:0.0109s ]
SQL: SELECT * FROM `cd_buyhouse` INNER JOIN cd_user ON cd_buyhouse.uid = cd_user.uid  ORDER BY id desc  [ RunTime:0.0011s ]

[ 2017-03-03T14:08:00+08:00 ] ::1 /thinkphp/index.php/home/Renthouse/showlist
INFO: [ app_init ] --START--
INFO: Run Behavior\BuildLiteBehavior [ RunTime:0.000035s ]
INFO: [ app_init ] --END-- [ RunTime:0.000843s ]
INFO: [ app_begin ] --START--
INFO: Run Behavior\ReadHtmlCacheBehavior [ RunTime:0.001156s ]
INFO: [ app_begin ] --END-- [ RunTime:0.001321s ]
SQL: SHOW COLUMNS FROM `cd_renthouse` [ RunTime:0.0145s ]
SQL: SELECT * FROM `cd_renthouse` INNER JOIN cd_user ON cd_renthouse.uid = cd_user.uid  ORDER BY id desc  [ RunTime:0.0011s ]

[ 2017-03-03T14:08:02+08:00 ] ::1 /thinkphp/index.php/home/Renthouse/showlist
INFO: [ app_init ] --START--
INFO: Run Behavior\BuildLiteBehavior [ RunTime:0.000081s ]
INFO: [ app_init ] --END-- [ RunTime:0.001913s ]
INFO: [ app_begin ] --START--
INFO: Run Behavior\ReadHtmlCacheBehavior [ RunTime:0.001797s ]
INFO: [ app_begin ] --END-- [ RunTime:0.002125s ]
SQL: SHOW COLUMNS FROM `cd_renthouse` [ RunTime:0.0133s ]
SQL: SELECT * FROM `cd_renthouse` INNER JOIN cd_user ON cd_renthouse.uid = cd_user.uid  ORDER BY id desc  [ RunTime:0.0042s ]

[ 2017-03-03T14:08:02+08:00 ] ::1 /thinkphp/index.php/home/Buyhouse/showlist
INFO: [ app_init ] --START--
INFO: Run Behavior\BuildLiteBehavior [ RunTime:0.000062s ]
INFO: [ app_init ] --END-- [ RunTime:0.002378s ]
INFO: [ app_begin ] --START--
INFO: Run Behavior\ReadHtmlCacheBehavior [ RunTime:0.001321s ]
INFO: [ app_begin ] --END-- [ RunTime:0.001551s ]
SQL: SHOW COLUMNS FROM `cd_buyhouse` [ RunTime:0.0084s ]
SQL: SELECT * FROM `cd_buyhouse` INNER JOIN cd_user ON cd_buyhouse.uid = cd_user.uid  ORDER BY id desc  [ RunTime:0.0007s ]

[ 2017-03-03T14:08:04+08:00 ] ::1 /thinkphp/index.php/home/index
INFO: [ app_init ] --START--
INFO: Run Behavior\BuildLiteBehavior [ RunTime:0.000056s ]
INFO: [ app_init ] --END-- [ RunTime:0.001445s ]
INFO: [ app_begin ] --START--
INFO: Run Behavior\ReadHtmlCacheBehavior [ RunTime:0.001470s ]
INFO: [ app_begin ] --END-- [ RunTime:0.001827s ]
SQL: SHOW COLUMNS FROM `cd_user` [ RunTime:0.0129s ]
SQL: SELECT * FROM `cd_user` WHERE `uid` = 4 LIMIT 1   [ RunTime:0.0021s ]

[ 2017-03-03T14:08:31+08:00 ] ::1 /thinkphp/index.php/home/Buyhouse/showlist
INFO: [ app_init ] --START--
INFO: Run Behavior\BuildLiteBehavior [ RunTime:0.000170s ]
INFO: [ app_init ] --END-- [ RunTime:0.004042s ]
INFO: [ app_begin ] --START--
INFO: Run Behavior\ReadHtmlCacheBehavior [ RunTime:0.001780s ]
INFO: [ app_begin ] --END-- [ RunTime:0.002056s ]
SQL: SHOW COLUMNS FROM `cd_buyhouse` [ RunTime:0.0089s ]
SQL: SELECT * FROM `cd_buyhouse` INNER JOIN cd_user ON cd_buyhouse.uid = cd_user.uid  ORDER BY id desc  [ RunTime:0.0011s ]

[ 2017-03-03T14:08:32+08:00 ] ::1 /thinkphp/index.php/home/Renthouse/showlist
INFO: [ app_init ] --START--
INFO: Run Behavior\BuildLiteBehavior [ RunTime:0.000054s ]
INFO: [ app_init ] --END-- [ RunTime:0.001222s ]
INFO: [ app_begin ] --START--
INFO: Run Behavior\ReadHtmlCacheBehavior [ RunTime:0.002761s ]
INFO: [ app_begin ] --END-- [ RunTime:0.003049s ]
SQL: SHOW COLUMNS FROM `cd_renthouse` [ RunTime:0.0134s ]
SQL: SELECT * FROM `cd_renthouse` INNER JOIN cd_user ON cd_renthouse.uid = cd_user.uid  ORDER BY id desc  [ RunTime:0.0011s ]

[ 2017-03-03T14:08:35+08:00 ] ::1 /thinkphp/index.php/home/Renthouse/showlist
INFO: [ app_init ] --START--
INFO: Run Behavior\BuildLiteBehavior [ RunTime:0.000051s ]
INFO: [ app_init ] --END-- [ RunTime:0.001370s ]
INFO: [ app_begin ] --START--
INFO: Run Behavior\ReadHtmlCacheBehavior [ RunTime:0.001428s ]
INFO: [ app_begin ] --END-- [ RunTime:0.001766s ]
SQL: SHOW COLUMNS FROM `cd_renthouse` [ RunTime:0.0134s ]
SQL: SELECT * FROM `cd_renthouse` INNER JOIN cd_user ON cd_renthouse.uid = cd_user.uid  ORDER BY id desc  [ RunTime:0.0011s ]

[ 2017-03-03T14:08:36+08:00 ] ::1 /thinkphp/index.php/home/Buyhouse/showlist
INFO: [ app_init ] --START--
INFO: Run Behavior\BuildLiteBehavior [ RunTime:0.000240s ]
INFO: [ app_init ] --END-- [ RunTime:0.003891s ]
INFO: [ app_begin ] --START--
INFO: Run Behavior\ReadHtmlCacheBehavior [ RunTime:0.002586s ]
INFO: [ app_begin ] --END-- [ RunTime:0.002884s ]
SQL: SHOW COLUMNS FROM `cd_buyhouse` [ RunTime:0.0113s ]
SQL: SELECT * FROM `cd_buyhouse` INNER JOIN cd_user ON cd_buyhouse.uid = cd_user.uid  ORDER BY id desc  [ RunTime:0.0020s ]

[ 2017-03-03T14:08:47+08:00 ] ::1 /thinkphp/index.php/home/Buyhouse/showlist
INFO: [ app_init ] --START--
INFO: Run Behavior\BuildLiteBehavior [ RunTime:0.000070s ]
INFO: [ app_init ] --END-- [ RunTime:0.004860s ]
INFO: [ app_begin ] --START--
INFO: Run Behavior\ReadHtmlCacheBehavior [ RunTime:0.002105s ]
INFO: [ app_begin ] --END-- [ RunTime:0.002340s ]
SQL: SHOW COLUMNS FROM `cd_buyhouse` [ RunTime:0.3643s ]
SQL: SELECT * FROM `cd_buyhouse` INNER JOIN cd_user ON cd_buyhouse.uid = cd_user.uid  ORDER BY id desc  [ RunTime:0.0009s ]

[ 2017-03-03T14:08:49+08:00 ] ::1 /thinkphp/index.php/home/Renthouse/showlist
INFO: [ app_init ] --START--
INFO: Run Behavior\BuildLiteBehavior [ RunTime:0.000071s ]
INFO: [ app_init ] --END-- [ RunTime:0.003853s ]
INFO: [ app_begin ] --START--
INFO: Run Behavior\ReadHtmlCacheBehavior [ RunTime:0.000884s ]
INFO: [ app_begin ] --END-- [ RunTime:0.001039s ]
SQL: SHOW COLUMNS FROM `cd_renthouse` [ RunTime:0.0117s ]
SQL: SELECT * FROM `cd_renthouse` INNER JOIN cd_user ON cd_renthouse.uid = cd_user.uid  ORDER BY id desc  [ RunTime:0.0011s ]

[ 2017-03-03T14:08:50+08:00 ] ::1 /thinkphp/index.php/home/Buyhouse/showlist
INFO: [ app_init ] --START--
INFO: Run Behavior\BuildLiteBehavior [ RunTime:0.000055s ]
INFO: [ app_init ] --END-- [ RunTime:0.001365s ]
INFO: [ app_begin ] --START--
INFO: Run Behavior\ReadHtmlCacheBehavior [ RunTime:0.001431s ]
INFO: [ app_begin ] --END-- [ RunTime:0.001830s ]
SQL: SHOW COLUMNS FROM `cd_buyhouse` [ RunTime:0.0130s ]
SQL: SELECT * FROM `cd_buyhouse` INNER JOIN cd_user ON cd_buyhouse.uid = cd_user.uid  ORDER BY id desc  [ RunTime:0.0012s ]

[ 2017-03-03T14:08:51+08:00 ] ::1 /thinkphp/index.php/home/Renthouse/showlist
INFO: [ app_init ] --START--
INFO: Run Behavior\BuildLiteBehavior [ RunTime:0.000053s ]
INFO: [ app_init ] --END-- [ RunTime:0.001269s ]
INFO: [ app_begin ] --START--
INFO: Run Behavior\ReadHtmlCacheBehavior [ RunTime:0.001690s ]
INFO: [ app_begin ] --END-- [ RunTime:0.002085s ]
SQL: SHOW COLUMNS FROM `cd_renthouse` [ RunTime:0.0115s ]
SQL: SELECT * FROM `cd_renthouse` INNER JOIN cd_user ON cd_renthouse.uid = cd_user.uid  ORDER BY id desc  [ RunTime:0.0011s ]

[ 2017-03-03T14:08:52+08:00 ] ::1 /thinkphp/index.php/home/Buyhouse/showlist
INFO: [ app_init ] --START--
INFO: Run Behavior\BuildLiteBehavior [ RunTime:0.000053s ]
INFO: [ app_init ] --END-- [ RunTime:0.001286s ]
INFO: [ app_begin ] --START--
INFO: Run Behavior\ReadHtmlCacheBehavior [ RunTime:0.001607s ]
INFO: [ app_begin ] --END-- [ RunTime:0.002048s ]
SQL: SHOW COLUMNS FROM `cd_buyhouse` [ RunTime:0.0145s ]
SQL: SELECT * FROM `cd_buyhouse` INNER JOIN cd_user ON cd_buyhouse.uid = cd_user.uid  ORDER BY id desc  [ RunTime:0.0010s ]

[ 2017-03-03T14:08:54+08:00 ] ::1 /thinkphp/index.php/home/index
INFO: [ app_init ] --START--
INFO: Run Behavior\BuildLiteBehavior [ RunTime:0.000051s ]
INFO: [ app_init ] --END-- [ RunTime:0.001309s ]
INFO: [ app_begin ] --START--
INFO: Run Behavior\ReadHtmlCacheBehavior [ RunTime:0.000885s ]
INFO: [ app_begin ] --END-- [ RunTime:0.001058s ]
SQL: SHOW COLUMNS FROM `cd_user` [ RunTime:0.0125s ]
SQL: SELECT * FROM `cd_user` WHERE `uid` = 4 LIMIT 1   [ RunTime:0.0005s ]

[ 2017-03-03T14:08:55+08:00 ] ::1 /thinkphp/index.php/home/index
INFO: [ app_init ] --START--
INFO: Run Behavior\BuildLiteBehavior [ RunTime:0.000137s ]
INFO: [ app_init ] --END-- [ RunTime:0.002749s ]
INFO: [ app_begin ] --START--
INFO: Run Behavior\ReadHtmlCacheBehavior [ RunTime:0.001466s ]
INFO: [ app_begin ] --END-- [ RunTime:0.001836s ]
SQL: SHOW COLUMNS FROM `cd_user` [ RunTime:0.0131s ]
SQL: SELECT * FROM `cd_user` WHERE `uid` = 4 LIMIT 1   [ RunTime:0.0005s ]

[ 2017-03-03T14:08:56+08:00 ] ::1 /thinkphp/index.php/home/Renthouse/showlist
INFO: [ app_init ] --START--
INFO: Run Behavior\BuildLiteBehavior [ RunTime:0.000053s ]
INFO: [ app_init ] --END-- [ RunTime:0.001589s ]
INFO: [ app_begin ] --START--
INFO: Run Behavior\ReadHtmlCacheBehavior [ RunTime:0.002449s ]
INFO: [ app_begin ] --END-- [ RunTime:0.002913s ]
SQL: SHOW COLUMNS FROM `cd_renthouse` [ RunTime:0.0167s ]
SQL: SELECT * FROM `cd_renthouse` INNER JOIN cd_user ON cd_renthouse.uid = cd_user.uid  ORDER BY id desc  [ RunTime:0.0011s ]

[ 2017-03-03T14:09:11+08:00 ] ::1 /thinkphp/index.php/home/Renthouse/showlist
INFO: [ app_init ] --START--
INFO: Run Behavior\BuildLiteBehavior [ RunTime:0.000051s ]
INFO: [ app_init ] --END-- [ RunTime:0.001113s ]
INFO: [ app_begin ] --START--
INFO: Run Behavior\ReadHtmlCacheBehavior [ RunTime:0.001980s ]
INFO: [ app_begin ] --END-- [ RunTime:0.002314s ]
SQL: SHOW COLUMNS FROM `cd_renthouse` [ RunTime:0.0123s ]
SQL: SELECT * FROM `cd_renthouse` INNER JOIN cd_user ON cd_renthouse.uid = cd_user.uid  ORDER BY id desc  [ RunTime:0.0012s ]

[ 2017-03-03T14:09:18+08:00 ] ::1 /thinkphp/index.php/home/Buyhouse/showlist
INFO: [ app_init ] --START--
INFO: Run Behavior\BuildLiteBehavior [ RunTime:0.000278s ]
INFO: [ app_init ] --END-- [ RunTime:0.002177s ]
INFO: [ app_begin ] --START--
INFO: Run Behavior\ReadHtmlCacheBehavior [ RunTime:0.001935s ]
INFO: [ app_begin ] --END-- [ RunTime:0.002194s ]
SQL: SHOW COLUMNS FROM `cd_buyhouse` [ RunTime:0.0142s ]
SQL: SELECT * FROM `cd_buyhouse` INNER JOIN cd_user ON cd_buyhouse.uid = cd_user.uid  ORDER BY id desc  [ RunTime:0.0010s ]

[ 2017-03-03T14:09:18+08:00 ] ::1 /thinkphp/index.php/home/Renthouse/showlist
INFO: [ app_init ] --START--
INFO: Run Behavior\BuildLiteBehavior [ RunTime:0.000064s ]
INFO: [ app_init ] --END-- [ RunTime:0.005172s ]
INFO: [ app_begin ] --START--
INFO: Run Behavior\ReadHtmlCacheBehavior [ RunTime:0.001436s ]
INFO: [ app_begin ] --END-- [ RunTime:0.001704s ]
SQL: SHOW COLUMNS FROM `cd_renthouse` [ RunTime:0.0115s ]
SQL: SELECT * FROM `cd_renthouse` INNER JOIN cd_user ON cd_renthouse.uid = cd_user.uid  ORDER BY id desc  [ RunTime:0.0010s ]

[ 2017-03-03T14:09:19+08:00 ] ::1 /thinkphp/index.php/home/Buyhouse/showlist
INFO: [ app_init ] --START--
INFO: Run Behavior\BuildLiteBehavior [ RunTime:0.000058s ]
INFO: [ app_init ] --END-- [ RunTime:0.001510s ]
INFO: [ app_begin ] --START--
INFO: Run Behavior\ReadHtmlCacheBehavior [ RunTime:0.001478s ]
INFO: [ app_begin ] --END-- [ RunTime:0.001822s ]
SQL: SHOW COLUMNS FROM `cd_buyhouse` [ RunTime:0.0129s ]
SQL: SELECT * FROM `cd_buyhouse` INNER JOIN cd_user ON cd_buyhouse.uid = cd_user.uid  ORDER BY id desc  [ RunTime:0.0010s ]

[ 2017-03-03T14:09:20+08:00 ] ::1 /thinkphp/index.php/home/index
INFO: [ app_init ] --START--
INFO: Run Behavior\BuildLiteBehavior [ RunTime:0.000054s ]
INFO: [ app_init ] --END-- [ RunTime:0.001106s ]
INFO: [ app_begin ] --START--
INFO: Run Behavior\ReadHtmlCacheBehavior [ RunTime:0.001612s ]
INFO: [ app_begin ] --END-- [ RunTime:0.001909s ]
SQL: SHOW COLUMNS FROM `cd_user` [ RunTime:0.0092s ]
SQL: SELECT * FROM `cd_user` WHERE `uid` = 4 LIMIT 1   [ RunTime:0.0009s ]

[ 2017-03-03T14:09:21+08:00 ] ::1 /thinkphp/index.php/home/index
INFO: [ app_init ] --START--
INFO: Run Behavior\BuildLiteBehavior [ RunTime:0.000095s ]
INFO: [ app_init ] --END-- [ RunTime:0.001835s ]
INFO: [ app_begin ] --START--
INFO: Run Behavior\ReadHtmlCacheBehavior [ RunTime:0.001530s ]
INFO: [ app_begin ] --END-- [ RunTime:0.001893s ]
SQL: SHOW COLUMNS FROM `cd_user` [ RunTime:0.0201s ]
SQL: SELECT * FROM `cd_user` WHERE `uid` = 4 LIMIT 1   [ RunTime:0.0009s ]

[ 2017-03-03T14:09:23+08:00 ] ::1 /thinkphp/index.php/home/index
INFO: [ app_init ] --START--
INFO: Run Behavior\BuildLiteBehavior [ RunTime:0.000126s ]
INFO: [ app_init ] --END-- [ RunTime:0.002990s ]
INFO: [ app_begin ] --START--
INFO: Run Behavior\ReadHtmlCacheBehavior [ RunTime:0.001483s ]
INFO: [ app_begin ] --END-- [ RunTime:0.001764s ]
SQL: SHOW COLUMNS FROM `cd_user` [ RunTime:0.0280s ]
SQL: SELECT * FROM `cd_user` WHERE `uid` = 4 LIMIT 1   [ RunTime:0.0010s ]

[ 2017-03-03T14:09:40+08:00 ] ::1 /thinkphp/index.php/home/Renthouse/showlist
INFO: [ app_init ] --START--
INFO: Run Behavior\BuildLiteBehavior [ RunTime:0.000038s ]
INFO: [ app_init ] --END-- [ RunTime:0.002294s ]
INFO: [ app_begin ] --START--
INFO: Run Behavior\ReadHtmlCacheBehavior [ RunTime:0.000869s ]
INFO: [ app_begin ] --END-- [ RunTime:0.001023s ]
SQL: SHOW COLUMNS FROM `cd_renthouse` [ RunTime:0.0447s ]
SQL: SELECT * FROM `cd_renthouse` INNER JOIN cd_user ON cd_renthouse.uid = cd_user.uid  ORDER BY id desc  [ RunTime:0.0012s ]

[ 2017-03-03T14:09:41+08:00 ] ::1 /thinkphp/index.php/home/Buyhouse/showlist
INFO: [ app_init ] --START--
INFO: Run Behavior\BuildLiteBehavior [ RunTime:0.000058s ]
INFO: [ app_init ] --END-- [ RunTime:0.001327s ]
INFO: [ app_begin ] --START--
INFO: Run Behavior\ReadHtmlCacheBehavior [ RunTime:0.001658s ]
INFO: [ app_begin ] --END-- [ RunTime:0.001976s ]
SQL: SHOW COLUMNS FROM `cd_buyhouse` [ RunTime:0.0391s ]
SQL: SELECT * FROM `cd_buyhouse` INNER JOIN cd_user ON cd_buyhouse.uid = cd_user.uid  ORDER BY id desc  [ RunTime:0.0009s ]

[ 2017-03-03T14:09:42+08:00 ] ::1 /thinkphp/index.php/home/Renthouse/showlist
INFO: [ app_init ] --START--
INFO: Run Behavior\BuildLiteBehavior [ RunTime:0.000057s ]
INFO: [ app_init ] --END-- [ RunTime:0.001485s ]
INFO: [ app_begin ] --START--
INFO: Run Behavior\ReadHtmlCacheBehavior [ RunTime:0.001646s ]
INFO: [ app_begin ] --END-- [ RunTime:0.001953s ]
SQL: SHOW COLUMNS FROM `cd_renthouse` [ RunTime:0.3258s ]
SQL: SELECT * FROM `cd_renthouse` INNER JOIN cd_user ON cd_renthouse.uid = cd_user.uid  ORDER BY id desc  [ RunTime:0.0016s ]

[ 2017-03-03T14:09:42+08:00 ] ::1 /thinkphp/index.php/home/Buyhouse/showlist
INFO: [ app_init ] --START--
INFO: Run Behavior\BuildLiteBehavior [ RunTime:0.000057s ]
INFO: [ app_init ] --END-- [ RunTime:0.001299s ]
INFO: [ app_begin ] --START--
INFO: Run Behavior\ReadHtmlCacheBehavior [ RunTime:0.001714s ]
INFO: [ app_begin ] --END-- [ RunTime:0.002090s ]
SQL: SHOW COLUMNS FROM `cd_buyhouse` [ RunTime:0.1450s ]
SQL: SELECT * FROM `cd_buyhouse` INNER JOIN cd_user ON cd_buyhouse.uid = cd_user.uid  ORDER BY id desc  [ RunTime:0.0024s ]

[ 2017-03-03T14:09:42+08:00 ] ::1 /thinkphp/index.php/home/index
INFO: [ app_init ] --START--
INFO: Run Behavior\BuildLiteBehavior [ RunTime:0.000036s ]
INFO: [ app_init ] --END-- [ RunTime:0.001172s ]
INFO: [ app_begin ] --START--
INFO: Run Behavior\ReadHtmlCacheBehavior [ RunTime:0.001892s ]
INFO: [ app_begin ] --END-- [ RunTime:0.002416s ]
SQL: SHOW COLUMNS FROM `cd_user` [ RunTime:0.0359s ]
SQL: SELECT * FROM `cd_user` WHERE `uid` = 4 LIMIT 1   [ RunTime:0.0006s ]

[ 2017-03-03T14:09:43+08:00 ] ::1 /thinkphp/index.php/home/index
INFO: [ app_init ] --START--
INFO: Run Behavior\BuildLiteBehavior [ RunTime:0.000050s ]
INFO: [ app_init ] --END-- [ RunTime:0.003903s ]
INFO: [ app_begin ] --START--
INFO: Run Behavior\ReadHtmlCacheBehavior [ RunTime:0.002325s ]
INFO: [ app_begin ] --END-- [ RunTime:0.003027s ]
SQL: SHOW COLUMNS FROM `cd_user` [ RunTime:0.0145s ]
SQL: SELECT * FROM `cd_user` WHERE `uid` = 4 LIMIT 1   [ RunTime:0.0011s ]

[ 2017-03-03T14:09:45+08:00 ] ::1 /thinkphp/index.php/home/Msgboard/showlist
INFO: [ app_init ] --START--
INFO: Run Behavior\BuildLiteBehavior [ RunTime:0.000033s ]
INFO: [ app_init ] --END-- [ RunTime:0.000814s ]
INFO: [ app_begin ] --START--
INFO: Run Behavior\ReadHtmlCacheBehavior [ RunTime:0.000941s ]
INFO: [ app_begin ] --END-- [ RunTime:0.001094s ]
SQL: SHOW COLUMNS FROM `cd_msgboard` [ RunTime:0.3461s ]
SQL: SELECT * FROM `cd_msgboard` INNER JOIN cd_user ON cd_msgboard.uid = cd_user.uid  ORDER BY id desc  [ RunTime:0.0018s ]

[ 2017-03-03T14:10:14+08:00 ] ::1 /thinkphp/index.php/home/Msgboard/addmsgboard
INFO: [ app_init ] --START--
INFO: Run Behavior\BuildLiteBehavior [ RunTime:0.000136s ]
INFO: [ app_init ] --END-- [ RunTime:0.001443s ]
INFO: [ app_begin ] --START--
INFO: Run Behavior\ReadHtmlCacheBehavior [ RunTime:0.001042s ]
INFO: [ app_begin ] --END-- [ RunTime:0.001266s ]
SQL: SHOW COLUMNS FROM `cd_msgboard` [ RunTime:0.0090s ]
SQL: INSERT INTO `cd_msgboard` (`uid`,`content`,`time`) VALUES ('4','快上车','1488521413') [ RunTime:0.9492s ]

[ 2017-03-03T14:10:16+08:00 ] ::1 /thinkphp/index.php/home/Msgboard/showlist
INFO: [ app_init ] --START--
INFO: Run Behavior\BuildLiteBehavior [ RunTime:0.000057s ]
INFO: [ app_init ] --END-- [ RunTime:0.001317s ]
INFO: [ app_begin ] --START--
INFO: Run Behavior\ReadHtmlCacheBehavior [ RunTime:0.001711s ]
INFO: [ app_begin ] --END-- [ RunTime:0.002033s ]
SQL: SHOW COLUMNS FROM `cd_msgboard` [ RunTime:0.0117s ]
SQL: SELECT * FROM `cd_msgboard` INNER JOIN cd_user ON cd_msgboard.uid = cd_user.uid  ORDER BY id desc  [ RunTime:0.0014s ]

[ 2017-03-03T14:12:52+08:00 ] ::1 /thinkphp/index.php/home/Msgboard/showlist
INFO: [ app_init ] --START--
INFO: Run Behavior\BuildLiteBehavior [ RunTime:0.000028s ]
INFO: [ app_init ] --END-- [ RunTime:0.000844s ]
INFO: [ app_begin ] --START--
INFO: Run Behavior\ReadHtmlCacheBehavior [ RunTime:0.000994s ]
INFO: [ app_begin ] --END-- [ RunTime:0.001123s ]
SQL: SHOW COLUMNS FROM `cd_msgboard` [ RunTime:0.0067s ]
SQL: SELECT * FROM `cd_msgboard` INNER JOIN cd_user ON cd_msgboard.uid = cd_user.uid  ORDER BY id desc  [ RunTime:0.0007s ]

[ 2017-03-03T14:12:59+08:00 ] ::1 /thinkphp/index.php/home/Renthouse/showlist
INFO: [ app_init ] --START--
INFO: Run Behavior\BuildLiteBehavior [ RunTime:0.000053s ]
INFO: [ app_init ] --END-- [ RunTime:0.001369s ]
INFO: [ app_begin ] --START--
INFO: Run Behavior\ReadHtmlCacheBehavior [ RunTime:0.001594s ]
INFO: [ app_begin ] --END-- [ RunTime:0.001892s ]
SQL: SHOW COLUMNS FROM `cd_renthouse` [ RunTime:0.0568s ]
SQL: SELECT * FROM `cd_renthouse` INNER JOIN cd_user ON cd_renthouse.uid = cd_user.uid  ORDER BY id desc  [ RunTime:0.0043s ]

[ 2017-03-03T14:13:00+08:00 ] ::1 /thinkphp/index.php/home/Buyhouse/showlist
INFO: [ app_init ] --START--
INFO: Run Behavior\BuildLiteBehavior [ RunTime:0.000084s ]
INFO: [ app_init ] --END-- [ RunTime:0.002237s ]
INFO: [ app_begin ] --START--
INFO: Run Behavior\ReadHtmlCacheBehavior [ RunTime:0.002136s ]
INFO: [ app_begin ] --END-- [ RunTime:0.002428s ]
SQL: SHOW COLUMNS FROM `cd_buyhouse` [ RunTime:0.0141s ]
SQL: SELECT * FROM `cd_buyhouse` INNER JOIN cd_user ON cd_buyhouse.uid = cd_user.uid  ORDER BY id desc  [ RunTime:0.0017s ]

[ 2017-03-03T14:13:01+08:00 ] ::1 /thinkphp/index.php/home/Renthouse/showlist
INFO: [ app_init ] --START--
INFO: Run Behavior\BuildLiteBehavior [ RunTime:0.000051s ]
INFO: [ app_init ] --END-- [ RunTime:0.001046s ]
INFO: [ app_begin ] --START--
INFO: Run Behavior\ReadHtmlCacheBehavior [ RunTime:0.001478s ]
INFO: [ app_begin ] --END-- [ RunTime:0.001912s ]
SQL: SHOW COLUMNS FROM `cd_renthouse` [ RunTime:0.0156s ]
SQL: SELECT * FROM `cd_renthouse` INNER JOIN cd_user ON cd_renthouse.uid = cd_user.uid  ORDER BY id desc  [ RunTime:0.0008s ]

[ 2017-03-03T14:13:03+08:00 ] ::1 /thinkphp/index.php/home/Buyhouse/showlist
INFO: [ app_init ] --START--
INFO: Run Behavior\BuildLiteBehavior [ RunTime:0.000039s ]
INFO: [ app_init ] --END-- [ RunTime:0.000948s ]
INFO: [ app_begin ] --START--
INFO: Run Behavior\ReadHtmlCacheBehavior [ RunTime:0.000758s ]
INFO: [ app_begin ] --END-- [ RunTime:0.000920s ]
SQL: SHOW COLUMNS FROM `cd_buyhouse` [ RunTime:0.0216s ]
SQL: SELECT * FROM `cd_buyhouse` INNER JOIN cd_user ON cd_buyhouse.uid = cd_user.uid  ORDER BY id desc  [ RunTime:0.0012s ]

[ 2017-03-03T14:13:06+08:00 ] ::1 /thinkphp/index.php/home/index
INFO: [ app_init ] --START--
INFO: Run Behavior\BuildLiteBehavior [ RunTime:0.000034s ]
INFO: [ app_init ] --END-- [ RunTime:0.001192s ]
INFO: [ app_begin ] --START--
INFO: Run Behavior\ReadHtmlCacheBehavior [ RunTime:0.000931s ]
INFO: [ app_begin ] --END-- [ RunTime:0.001102s ]
SQL: SHOW COLUMNS FROM `cd_user` [ RunTime:0.0558s ]
SQL: SELECT * FROM `cd_user` WHERE `uid` = 4 LIMIT 1   [ RunTime:0.0004s ]

[ 2017-03-03T14:13:08+08:00 ] ::1 /thinkphp/index.php/home/index
INFO: [ app_init ] --START--
INFO: Run Behavior\BuildLiteBehavior [ RunTime:0.000033s ]
INFO: [ app_init ] --END-- [ RunTime:0.000893s ]
INFO: [ app_begin ] --START--
INFO: Run Behavior\ReadHtmlCacheBehavior [ RunTime:0.001846s ]
INFO: [ app_begin ] --END-- [ RunTime:0.002255s ]
SQL: SHOW COLUMNS FROM `cd_user` [ RunTime:0.0209s ]
SQL: SELECT * FROM `cd_user` WHERE `uid` = 4 LIMIT 1   [ RunTime:0.0005s ]

[ 2017-03-03T14:13:10+08:00 ] ::1 /thinkphp/index.php/home/Msgboard/showlist
INFO: [ app_init ] --START--
INFO: Run Behavior\BuildLiteBehavior [ RunTime:0.000032s ]
INFO: [ app_init ] --END-- [ RunTime:0.000803s ]
INFO: [ app_begin ] --START--
INFO: Run Behavior\ReadHtmlCacheBehavior [ RunTime:0.001747s ]
INFO: [ app_begin ] --END-- [ RunTime:0.002027s ]
SQL: SHOW COLUMNS FROM `cd_msgboard` [ RunTime:0.0348s ]
SQL: SELECT * FROM `cd_msgboard` INNER JOIN cd_user ON cd_msgboard.uid = cd_user.uid  ORDER BY id desc  [ RunTime:0.0010s ]

[ 2017-03-03T14:18:36+08:00 ] ::1 /thinkphp/index.php/home/Renthouse/showlist
INFO: [ app_init ] --START--
INFO: Run Behavior\BuildLiteBehavior [ RunTime:0.000056s ]
INFO: [ app_init ] --END-- [ RunTime:0.001777s ]
INFO: [ app_begin ] --START--
INFO: Run Behavior\ReadHtmlCacheBehavior [ RunTime:0.001183s ]
INFO: [ app_begin ] --END-- [ RunTime:0.001358s ]
SQL: SHOW COLUMNS FROM `cd_renthouse` [ RunTime:0.0417s ]
SQL: SELECT * FROM `cd_renthouse` INNER JOIN cd_user ON cd_renthouse.uid = cd_user.uid  ORDER BY id desc  [ RunTime:0.0007s ]

[ 2017-03-03T14:18:37+08:00 ] ::1 /thinkphp/index.php/home/Buyhouse/showlist
INFO: [ app_init ] --START--
INFO: Run Behavior\BuildLiteBehavior [ RunTime:0.000057s ]
INFO: [ app_init ] --END-- [ RunTime:0.001362s ]
INFO: [ app_begin ] --START--
INFO: Run Behavior\ReadHtmlCacheBehavior [ RunTime:0.003140s ]
INFO: [ app_begin ] --END-- [ RunTime:0.003550s ]
SQL: SHOW COLUMNS FROM `cd_buyhouse` [ RunTime:0.0369s ]
SQL: SELECT * FROM `cd_buyhouse` INNER JOIN cd_user ON cd_buyhouse.uid = cd_user.uid  ORDER BY id desc  [ RunTime:0.0007s ]

[ 2017-03-03T14:18:38+08:00 ] ::1 /thinkphp/index.php/home/Renthouse/showlist
INFO: [ app_init ] --START--
INFO: Run Behavior\BuildLiteBehavior [ RunTime:0.000057s ]
INFO: [ app_init ] --END-- [ RunTime:0.001277s ]
INFO: [ app_begin ] --START--
INFO: Run Behavior\ReadHtmlCacheBehavior [ RunTime:0.002655s ]
INFO: [ app_begin ] --END-- [ RunTime:0.002971s ]
SQL: SHOW COLUMNS FROM `cd_renthouse` [ RunTime:0.0570s ]
SQL: SELECT * FROM `cd_renthouse` INNER JOIN cd_user ON cd_renthouse.uid = cd_user.uid  ORDER BY id desc  [ RunTime:0.0008s ]

[ 2017-03-03T14:18:39+08:00 ] ::1 /thinkphp/index.php/home/Buyhouse/showlist
INFO: [ app_init ] --START--
INFO: Run Behavior\BuildLiteBehavior [ RunTime:0.000060s ]
INFO: [ app_init ] --END-- [ RunTime:0.001072s ]
INFO: [ app_begin ] --START--
INFO: Run Behavior\ReadHtmlCacheBehavior [ RunTime:0.001685s ]
INFO: [ app_begin ] --END-- [ RunTime:0.001998s ]
SQL: SHOW COLUMNS FROM `cd_buyhouse` [ RunTime:0.0412s ]
SQL: SELECT * FROM `cd_buyhouse` INNER JOIN cd_user ON cd_buyhouse.uid = cd_user.uid  ORDER BY id desc  [ RunTime:0.0025s ]

[ 2017-03-03T14:18:39+08:00 ] ::1 /thinkphp/index.php/home/index
INFO: [ app_init ] --START--
INFO: Run Behavior\BuildLiteBehavior [ RunTime:0.000068s ]
INFO: [ app_init ] --END-- [ RunTime:0.002126s ]
INFO: [ app_begin ] --START--
INFO: Run Behavior\ReadHtmlCacheBehavior [ RunTime:0.002075s ]
INFO: [ app_begin ] --END-- [ RunTime:0.002486s ]
SQL: SHOW COLUMNS FROM `cd_user` [ RunTime:0.0111s ]
SQL: SELECT * FROM `cd_user` WHERE `uid` = 4 LIMIT 1   [ RunTime:0.0004s ]

[ 2017-03-03T14:18:40+08:00 ] ::1 /thinkphp/index.php/home/index
INFO: [ app_init ] --START--
INFO: Run Behavior\BuildLiteBehavior [ RunTime:0.000064s ]
INFO: [ app_init ] --END-- [ RunTime:0.001369s ]
INFO: [ app_begin ] --START--
INFO: Run Behavior\ReadHtmlCacheBehavior [ RunTime:0.000916s ]
INFO: [ app_begin ] --END-- [ RunTime:0.001077s ]
SQL: SHOW COLUMNS FROM `cd_user` [ RunTime:0.0454s ]
SQL: SELECT * FROM `cd_user` WHERE `uid` = 4 LIMIT 1   [ RunTime:0.0005s ]

[ 2017-03-03T14:18:41+08:00 ] ::1 /thinkphp/index.php/home/Msgboard/showlist
INFO: [ app_init ] --START--
INFO: Run Behavior\BuildLiteBehavior [ RunTime:0.000188s ]
INFO: [ app_init ] --END-- [ RunTime:0.001548s ]
INFO: [ app_begin ] --START--
INFO: Run Behavior\ReadHtmlCacheBehavior [ RunTime:0.001062s ]
INFO: [ app_begin ] --END-- [ RunTime:0.001302s ]
SQL: SHOW COLUMNS FROM `cd_msgboard` [ RunTime:0.0226s ]
SQL: SELECT * FROM `cd_msgboard` INNER JOIN cd_user ON cd_msgboard.uid = cd_user.uid  ORDER BY id desc  [ RunTime:0.0007s ]

[ 2017-03-03T14:18:41+08:00 ] ::1 /thinkphp/index.php/home/index
INFO: [ app_init ] --START--
INFO: Run Behavior\BuildLiteBehavior [ RunTime:0.000040s ]
INFO: [ app_init ] --END-- [ RunTime:0.002173s ]
INFO: [ app_begin ] --START--
INFO: Run Behavior\ReadHtmlCacheBehavior [ RunTime:0.001567s ]
INFO: [ app_begin ] --END-- [ RunTime:0.001831s ]
SQL: SHOW COLUMNS FROM `cd_user` [ RunTime:0.0548s ]
SQL: SELECT * FROM `cd_user` WHERE `uid` = 4 LIMIT 1   [ RunTime:0.0005s ]

[ 2017-03-03T14:18:42+08:00 ] ::1 /thinkphp/index.php/home/index
INFO: [ app_init ] --START--
INFO: Run Behavior\BuildLiteBehavior [ RunTime:0.000220s ]
INFO: [ app_init ] --END-- [ RunTime:0.003254s ]
INFO: [ app_begin ] --START--
INFO: Run Behavior\ReadHtmlCacheBehavior [ RunTime:0.001142s ]
INFO: [ app_begin ] --END-- [ RunTime:0.001356s ]
SQL: SHOW COLUMNS FROM `cd_user` [ RunTime:0.0630s ]
SQL: SELECT * FROM `cd_user` WHERE `uid` = 4 LIMIT 1   [ RunTime:0.0006s ]

[ 2017-03-03T14:18:43+08:00 ] ::1 /thinkphp/index.php/home/Buyhouse/showlist
INFO: [ app_init ] --START--
INFO: Run Behavior\BuildLiteBehavior [ RunTime:0.000039s ]
INFO: [ app_init ] --END-- [ RunTime:0.001501s ]
INFO: [ app_begin ] --START--
INFO: Run Behavior\ReadHtmlCacheBehavior [ RunTime:0.000947s ]
INFO: [ app_begin ] --END-- [ RunTime:0.001113s ]
SQL: SHOW COLUMNS FROM `cd_buyhouse` [ RunTime:0.0281s ]
SQL: SELECT * FROM `cd_buyhouse` INNER JOIN cd_user ON cd_buyhouse.uid = cd_user.uid  ORDER BY id desc  [ RunTime:0.0012s ]

[ 2017-03-03T14:18:43+08:00 ] ::1 /thinkphp/index.php/home/Renthouse/showlist
INFO: [ app_init ] --START--
INFO: Run Behavior\BuildLiteBehavior [ RunTime:0.000034s ]
INFO: [ app_init ] --END-- [ RunTime:0.000854s ]
INFO: [ app_begin ] --START--
INFO: Run Behavior\ReadHtmlCacheBehavior [ RunTime:0.000821s ]
INFO: [ app_begin ] --END-- [ RunTime:0.000969s ]
SQL: SHOW COLUMNS FROM `cd_renthouse` [ RunTime:0.0174s ]
SQL: SELECT * FROM `cd_renthouse` INNER JOIN cd_user ON cd_renthouse.uid = cd_user.uid  ORDER BY id desc  [ RunTime:0.0020s ]

[ 2017-03-03T14:18:44+08:00 ] ::1 /thinkphp/index.php/home/Buyhouse/showlist
INFO: [ app_init ] --START--
INFO: Run Behavior\BuildLiteBehavior [ RunTime:0.000060s ]
INFO: [ app_init ] --END-- [ RunTime:0.001756s ]
INFO: [ app_begin ] --START--
INFO: Run Behavior\ReadHtmlCacheBehavior [ RunTime:0.002419s ]
INFO: [ app_begin ] --END-- [ RunTime:0.002861s ]
SQL: SHOW COLUMNS FROM `cd_buyhouse` [ RunTime:0.0240s ]
SQL: SELECT * FROM `cd_buyhouse` INNER JOIN cd_user ON cd_buyhouse.uid = cd_user.uid  ORDER BY id desc  [ RunTime:0.0007s ]

[ 2017-03-03T14:18:44+08:00 ] ::1 /thinkphp/index.php/home/Renthouse/showlist
INFO: [ app_init ] --START--
INFO: Run Behavior\BuildLiteBehavior [ RunTime:0.000034s ]
INFO: [ app_init ] --END-- [ RunTime:0.000867s ]
INFO: [ app_begin ] --START--
INFO: Run Behavior\ReadHtmlCacheBehavior [ RunTime:0.001498s ]
INFO: [ app_begin ] --END-- [ RunTime:0.001723s ]
SQL: SHOW COLUMNS FROM `cd_renthouse` [ RunTime:0.0460s ]
SQL: SELECT * FROM `cd_renthouse` INNER JOIN cd_user ON cd_renthouse.uid = cd_user.uid  ORDER BY id desc  [ RunTime:0.0044s ]

[ 2017-03-03T14:18:45+08:00 ] ::1 /thinkphp/index.php/home/Renthouse/showlist
INFO: [ app_init ] --START--
INFO: Run Behavior\BuildLiteBehavior [ RunTime:0.000061s ]
INFO: [ app_init ] --END-- [ RunTime:0.001677s ]
INFO: [ app_begin ] --START--
INFO: Run Behavior\ReadHtmlCacheBehavior [ RunTime:0.002170s ]
INFO: [ app_begin ] --END-- [ RunTime:0.002449s ]
SQL: SHOW COLUMNS FROM `cd_renthouse` [ RunTime:0.0488s ]
SQL: SELECT * FROM `cd_renthouse` INNER JOIN cd_user ON cd_renthouse.uid = cd_user.uid  ORDER BY id desc  [ RunTime:0.0032s ]

[ 2017-03-03T14:18:46+08:00 ] ::1 /thinkphp/index.php/home/Buyhouse/showlist
INFO: [ app_init ] --START--
INFO: Run Behavior\BuildLiteBehavior [ RunTime:0.000032s ]
INFO: [ app_init ] --END-- [ RunTime:0.000814s ]
INFO: [ app_begin ] --START--
INFO: Run Behavior\ReadHtmlCacheBehavior [ RunTime:0.001025s ]
INFO: [ app_begin ] --END-- [ RunTime:0.001207s ]
SQL: SHOW COLUMNS FROM `cd_buyhouse` [ RunTime:0.0346s ]
SQL: SELECT * FROM `cd_buyhouse` INNER JOIN cd_user ON cd_buyhouse.uid = cd_user.uid  ORDER BY id desc  [ RunTime:0.0012s ]

[ 2017-03-03T14:18:46+08:00 ] ::1 /thinkphp/index.php/home/Renthouse/showlist
INFO: [ app_init ] --START--
INFO: Run Behavior\BuildLiteBehavior [ RunTime:0.000043s ]
INFO: [ app_init ] --END-- [ RunTime:0.001447s ]
INFO: [ app_begin ] --START--
INFO: Run Behavior\ReadHtmlCacheBehavior [ RunTime:0.004552s ]
INFO: [ app_begin ] --END-- [ RunTime:0.005276s ]
SQL: SHOW COLUMNS FROM `cd_renthouse` [ RunTime:0.0664s ]
SQL: SELECT * FROM `cd_renthouse` INNER JOIN cd_user ON cd_renthouse.uid = cd_user.uid  ORDER BY id desc  [ RunTime:0.0011s ]

[ 2017-03-03T14:18:47+08:00 ] ::1 /thinkphp/index.php/home/Buyhouse/showlist
INFO: [ app_init ] --START--
INFO: Run Behavior\BuildLiteBehavior [ RunTime:0.000070s ]
INFO: [ app_init ] --END-- [ RunTime:0.001771s ]
INFO: [ app_begin ] --START--
INFO: Run Behavior\ReadHtmlCacheBehavior [ RunTime:0.001253s ]
INFO: [ app_begin ] --END-- [ RunTime:0.001462s ]
SQL: SHOW COLUMNS FROM `cd_buyhouse` [ RunTime:0.0149s ]
SQL: SELECT * FROM `cd_buyhouse` INNER JOIN cd_user ON cd_buyhouse.uid = cd_user.uid  ORDER BY id desc  [ RunTime:0.0010s ]

[ 2017-03-03T14:18:47+08:00 ] ::1 /thinkphp/index.php/home/index
INFO: [ app_init ] --START--
INFO: Run Behavior\BuildLiteBehavior [ RunTime:0.000056s ]
INFO: [ app_init ] --END-- [ RunTime:0.001333s ]
INFO: [ app_begin ] --START--
INFO: Run Behavior\ReadHtmlCacheBehavior [ RunTime:0.002261s ]
INFO: [ app_begin ] --END-- [ RunTime:0.003845s ]
SQL: SHOW COLUMNS FROM `cd_user` [ RunTime:0.0268s ]
SQL: SELECT * FROM `cd_user` WHERE `uid` = 4 LIMIT 1   [ RunTime:0.0005s ]

[ 2017-03-03T14:18:48+08:00 ] ::1 /thinkphp/index.php/home/index
INFO: [ app_init ] --START--
INFO: Run Behavior\BuildLiteBehavior [ RunTime:0.000092s ]
INFO: [ app_init ] --END-- [ RunTime:0.002060s ]
INFO: [ app_begin ] --START--
INFO: Run Behavior\ReadHtmlCacheBehavior [ RunTime:0.001347s ]
INFO: [ app_begin ] --END-- [ RunTime:0.001579s ]
SQL: SHOW COLUMNS FROM `cd_user` [ RunTime:0.0409s ]
SQL: SELECT * FROM `cd_user` WHERE `uid` = 4 LIMIT 1   [ RunTime:0.0004s ]

[ 2017-03-03T14:18:48+08:00 ] ::1 /thinkphp/index.php/home/Msgboard/showlist
INFO: [ app_init ] --START--
INFO: Run Behavior\BuildLiteBehavior [ RunTime:0.000060s ]
INFO: [ app_init ] --END-- [ RunTime:0.001665s ]
INFO: [ app_begin ] --START--
INFO: Run Behavior\ReadHtmlCacheBehavior [ RunTime:0.002632s ]
INFO: [ app_begin ] --END-- [ RunTime:0.003053s ]
SQL: SHOW COLUMNS FROM `cd_msgboard` [ RunTime:0.0949s ]
SQL: SELECT * FROM `cd_msgboard` INNER JOIN cd_user ON cd_msgboard.uid = cd_user.uid  ORDER BY id desc  [ RunTime:0.0011s ]

[ 2017-03-03T14:18:49+08:00 ] ::1 /thinkphp/index.php/home/index
INFO: [ app_init ] --START--
INFO: Run Behavior\BuildLiteBehavior [ RunTime:0.000035s ]
INFO: [ app_init ] --END-- [ RunTime:0.001126s ]
INFO: [ app_begin ] --START--
INFO: Run Behavior\ReadHtmlCacheBehavior [ RunTime:0.002273s ]
INFO: [ app_begin ] --END-- [ RunTime:0.003504s ]
SQL: SHOW COLUMNS FROM `cd_user` [ RunTime:0.0383s ]
SQL: SELECT * FROM `cd_user` WHERE `uid` = 4 LIMIT 1   [ RunTime:0.0016s ]

[ 2017-03-03T14:18:49+08:00 ] ::1 /thinkphp/index.php/home/index
INFO: [ app_init ] --START--
INFO: Run Behavior\BuildLiteBehavior [ RunTime:0.000062s ]
INFO: [ app_init ] --END-- [ RunTime:0.002039s ]
INFO: [ app_begin ] --START--
INFO: Run Behavior\ReadHtmlCacheBehavior [ RunTime:0.002757s ]
INFO: [ app_begin ] --END-- [ RunTime:0.003030s ]
SQL: SHOW COLUMNS FROM `cd_user` [ RunTime:0.0343s ]
SQL: SELECT * FROM `cd_user` WHERE `uid` = 4 LIMIT 1   [ RunTime:0.0014s ]

[ 2017-03-03T14:18:49+08:00 ] ::1 /thinkphp/index.php/home/Buyhouse/showlist
INFO: [ app_init ] --START--
INFO: Run Behavior\BuildLiteBehavior [ RunTime:0.000037s ]
INFO: [ app_init ] --END-- [ RunTime:0.001173s ]
INFO: [ app_begin ] --START--
INFO: Run Behavior\ReadHtmlCacheBehavior [ RunTime:0.001122s ]
INFO: [ app_begin ] --END-- [ RunTime:0.001400s ]
SQL: SHOW COLUMNS FROM `cd_buyhouse` [ RunTime:0.0174s ]
SQL: SELECT * FROM `cd_buyhouse` INNER JOIN cd_user ON cd_buyhouse.uid = cd_user.uid  ORDER BY id desc  [ RunTime:0.0008s ]

[ 2017-03-03T14:18:50+08:00 ] ::1 /thinkphp/index.php/home/Renthouse/showlist
INFO: [ app_init ] --START--
INFO: Run Behavior\BuildLiteBehavior [ RunTime:0.000064s ]
INFO: [ app_init ] --END-- [ RunTime:0.001379s ]
INFO: [ app_begin ] --START--
INFO: Run Behavior\ReadHtmlCacheBehavior [ RunTime:0.002241s ]
INFO: [ app_begin ] --END-- [ RunTime:0.002478s ]
SQL: SHOW COLUMNS FROM `cd_renthouse` [ RunTime:0.0146s ]
SQL: SELECT * FROM `cd_renthouse` INNER JOIN cd_user ON cd_renthouse.uid = cd_user.uid  ORDER BY id desc  [ RunTime:0.0008s ]

[ 2017-03-03T14:18:50+08:00 ] ::1 /thinkphp/index.php/home/Buyhouse/showlist
INFO: [ app_init ] --START--
INFO: Run Behavior\BuildLiteBehavior [ RunTime:0.000034s ]
INFO: [ app_init ] --END-- [ RunTime:0.000844s ]
INFO: [ app_begin ] --START--
INFO: Run Behavior\ReadHtmlCacheBehavior [ RunTime:0.002097s ]
INFO: [ app_begin ] --END-- [ RunTime:0.002701s ]
SQL: SHOW COLUMNS FROM `cd_buyhouse` [ RunTime:0.0262s ]
SQL: SELECT * FROM `cd_buyhouse` INNER JOIN cd_user ON cd_buyhouse.uid = cd_user.uid  ORDER BY id desc  [ RunTime:0.0013s ]

[ 2017-03-03T14:18:50+08:00 ] ::1 /thinkphp/index.php/home/Renthouse/showlist
INFO: [ app_init ] --START--
INFO: Run Behavior\BuildLiteBehavior [ RunTime:0.000035s ]
INFO: [ app_init ] --END-- [ RunTime:0.001338s ]
INFO: [ app_begin ] --START--
INFO: Run Behavior\ReadHtmlCacheBehavior [ RunTime:0.001249s ]
INFO: [ app_begin ] --END-- [ RunTime:0.001460s ]
SQL: SHOW COLUMNS FROM `cd_renthouse` [ RunTime:0.0326s ]
SQL: SELECT * FROM `cd_renthouse` INNER JOIN cd_user ON cd_renthouse.uid = cd_user.uid  ORDER BY id desc  [ RunTime:0.0011s ]

[ 2017-03-03T14:18:51+08:00 ] ::1 /thinkphp/index.php/home/Renthouse/showlist
INFO: [ app_init ] --START--
INFO: Run Behavior\BuildLiteBehavior [ RunTime:0.000058s ]
INFO: [ app_init ] --END-- [ RunTime:0.001393s ]
INFO: [ app_begin ] --START--
INFO: Run Behavior\ReadHtmlCacheBehavior [ RunTime:0.001998s ]
INFO: [ app_begin ] --END-- [ RunTime:0.002512s ]
SQL: SHOW COLUMNS FROM `cd_renthouse` [ RunTime:0.0296s ]
SQL: SELECT * FROM `cd_renthouse` INNER JOIN cd_user ON cd_renthouse.uid = cd_user.uid  ORDER BY id desc  [ RunTime:0.0010s ]

[ 2017-03-03T14:18:52+08:00 ] ::1 /thinkphp/index.php/home/Buyhouse/showlist
INFO: [ app_init ] --START--
INFO: Run Behavior\BuildLiteBehavior [ RunTime:0.000034s ]
INFO: [ app_init ] --END-- [ RunTime:0.000858s ]
INFO: [ app_begin ] --START--
INFO: Run Behavior\ReadHtmlCacheBehavior [ RunTime:0.001804s ]
INFO: [ app_begin ] --END-- [ RunTime:0.002227s ]
SQL: SHOW COLUMNS FROM `cd_buyhouse` [ RunTime:0.0556s ]
SQL: SELECT * FROM `cd_buyhouse` INNER JOIN cd_user ON cd_buyhouse.uid = cd_user.uid  ORDER BY id desc  [ RunTime:0.0009s ]

[ 2017-03-03T14:18:52+08:00 ] ::1 /thinkphp/index.php/home/Renthouse/showlist
INFO: [ app_init ] --START--
INFO: Run Behavior\BuildLiteBehavior [ RunTime:0.000064s ]
INFO: [ app_init ] --END-- [ RunTime:0.001986s ]
INFO: [ app_begin ] --START--
INFO: Run Behavior\ReadHtmlCacheBehavior [ RunTime:0.001557s ]
INFO: [ app_begin ] --END-- [ RunTime:0.001835s ]
SQL: SHOW COLUMNS FROM `cd_renthouse` [ RunTime:0.0299s ]
SQL: SELECT * FROM `cd_renthouse` INNER JOIN cd_user ON cd_renthouse.uid = cd_user.uid  ORDER BY id desc  [ RunTime:0.0007s ]

[ 2017-03-03T14:18:52+08:00 ] ::1 /thinkphp/index.php/home/Buyhouse/showlist
INFO: [ app_init ] --START--
INFO: Run Behavior\BuildLiteBehavior [ RunTime:0.000061s ]
INFO: [ app_init ] --END-- [ RunTime:0.000998s ]
INFO: [ app_begin ] --START--
INFO: Run Behavior\ReadHtmlCacheBehavior [ RunTime:0.002110s ]
INFO: [ app_begin ] --END-- [ RunTime:0.002500s ]
SQL: SHOW COLUMNS FROM `cd_buyhouse` [ RunTime:0.0315s ]
SQL: SELECT * FROM `cd_buyhouse` INNER JOIN cd_user ON cd_buyhouse.uid = cd_user.uid  ORDER BY id desc  [ RunTime:0.0010s ]

[ 2017-03-03T14:18:53+08:00 ] ::1 /thinkphp/index.php/home/index
INFO: [ app_init ] --START--
INFO: Run Behavior\BuildLiteBehavior [ RunTime:0.000320s ]
INFO: [ app_init ] --END-- [ RunTime:0.003063s ]
INFO: [ app_begin ] --START--
INFO: Run Behavior\ReadHtmlCacheBehavior [ RunTime:0.002110s ]
INFO: [ app_begin ] --END-- [ RunTime:0.002547s ]
SQL: SHOW COLUMNS FROM `cd_user` [ RunTime:0.0154s ]
SQL: SELECT * FROM `cd_user` WHERE `uid` = 4 LIMIT 1   [ RunTime:0.0005s ]

[ 2017-03-03T14:18:53+08:00 ] ::1 /thinkphp/index.php/home/index
INFO: [ app_init ] --START--
INFO: Run Behavior\BuildLiteBehavior [ RunTime:0.000193s ]
INFO: [ app_init ] --END-- [ RunTime:0.003902s ]
INFO: [ app_begin ] --START--
INFO: Run Behavior\ReadHtmlCacheBehavior [ RunTime:0.001240s ]
INFO: [ app_begin ] --END-- [ RunTime:0.001468s ]
SQL: SHOW COLUMNS FROM `cd_user` [ RunTime:0.0104s ]
SQL: SELECT * FROM `cd_user` WHERE `uid` = 4 LIMIT 1   [ RunTime:0.0013s ]

[ 2017-03-03T14:18:54+08:00 ] ::1 /thinkphp/index.php/home/Msgboard/showlist
INFO: [ app_init ] --START--
INFO: Run Behavior\BuildLiteBehavior [ RunTime:0.000033s ]
INFO: [ app_init ] --END-- [ RunTime:0.000980s ]
INFO: [ app_begin ] --START--
INFO: Run Behavior\ReadHtmlCacheBehavior [ RunTime:0.001960s ]
INFO: [ app_begin ] --END-- [ RunTime:0.002249s ]
SQL: SHOW COLUMNS FROM `cd_msgboard` [ RunTime:0.0282s ]
SQL: SELECT * FROM `cd_msgboard` INNER JOIN cd_user ON cd_msgboard.uid = cd_user.uid  ORDER BY id desc  [ RunTime:0.0029s ]

