[ 2016-12-26T19:28:37+08:00 ] ::1 /thinkphp/index.php/admin/index
INFO: [ app_init ] --START--
INFO: Run Behavior\BuildLiteBehavior [ RunTime:0.000133s ]
INFO: [ app_init ] --END-- [ RunTime:0.126223s ]
INFO: [ app_begin ] --START--
INFO: Run Behavior\ReadHtmlCacheBehavior [ RunTime:0.115787s ]
INFO: [ app_begin ] --END-- [ RunTime:0.116954s ]
INFO: [ app_end ] --START--
INFO: Run Behavior\ShowPageTraceBehavior [ RunTime:0.128735s ]
INFO: [ app_end ] --END-- [ RunTime:0.129468s ]

[ 2016-12-26T19:30:13+08:00 ] ::1 /thinkphp/index.php/admin/index
INFO: [ app_init ] --START--
INFO: Run Behavior\BuildLiteBehavior [ RunTime:0.000097s ]
INFO: [ app_init ] --END-- [ RunTime:0.002619s ]
INFO: [ app_begin ] --START--
INFO: Run Behavior\ReadHtmlCacheBehavior [ RunTime:0.003206s ]
INFO: [ app_begin ] --END-- [ RunTime:0.003827s ]
INFO: [ app_end ] --START--
INFO: Run Behavior\ShowPageTraceBehavior [ RunTime:0.002602s ]
INFO: [ app_end ] --END-- [ RunTime:0.003131s ]

[ 2016-12-26T19:30:18+08:00 ] ::1 /thinkphp/index.php/admin/index/index
INFO: [ app_init ] --START--
INFO: Run Behavior\BuildLiteBehavior [ RunTime:0.000092s ]
INFO: [ app_init ] --END-- [ RunTime:0.002422s ]
INFO: [ app_begin ] --START--
INFO: Run Behavior\ReadHtmlCacheBehavior [ RunTime:0.002532s ]
INFO: [ app_begin ] --END-- [ RunTime:0.003010s ]
INFO: [ app_end ] --START--
INFO: Run Behavior\ShowPageTraceBehavior [ RunTime:0.002560s ]
INFO: [ app_end ] --END-- [ RunTime:0.002994s ]

